{"meta": {"format": 3, "version": "7.6.8", "timestamp": "2025-12-05T18:09:19.388247", "branch_coverage": true, "show_contexts": false}, "files": {"src/kapso_whatsapp/__init__.py": {"executed_lines": [1, 23, 24, 37, 43, 129, 233], "summary": {"covered_lines": 6, "num_statements": 6, "percent_covered": 100.0, "percent_covered_display": "100", "missing_lines": 0, "excluded_lines": 0, "num_branches": 0, "num_partial_branches": 0, "covered_branches": 0, "missing_branches": 0}, "missing_lines": [], "excluded_lines": [], "executed_branches": [], "missing_branches": [], "functions": {"": {"executed_lines": [1, 23, 24, 37, 43, 129, 233], "summary": {"covered_lines": 6, "num_statements": 6, "percent_covered": 100.0, "percent_covered_display": "100", "missing_lines": 0, "excluded_lines": 0, "num_branches": 0, "num_partial_branches": 0, "covered_branches": 0, "missing_branches": 0}, "missing_lines": [], "excluded_lines": [], "executed_branches": [], "missing_branches": []}}, "classes": {"": {"executed_lines": [1, 23, 24, 37, 43, 129, 233], "summary": {"covered_lines": 6, "num_statements": 6, "percent_covered": 100.0, "percent_covered_display": "100", "missing_lines": 0, "excluded_lines": 0, "num_branches": 0, "num_partial_branches": 0, "covered_branches": 0, "missing_branches": 0}, "missing_lines": [], "excluded_lines": [], "executed_branches": [], "missing_branches": []}}}, "src/kapso_whatsapp/client.py": {"executed_lines": [1, 14, 16, 17, 18, 20, 22, 31, 33, 43, 45, 47, 48, 51, 58, 67, 68, 88, 111, 112, 114, 124, 125, 128, 129, 130, 131, 132, 133, 134, 135, 137, 143, 144, 146, 148, 150, 156, 157, 159, 160, 161, 162, 164, 165, 167, 168, 169, 170, 172, 173, 175, 176, 177, 178, 180, 181, 188, 189, 191, 192, 193, 194, 196, 197, 204, 205, 212, 213, 224, 248, 250, 255, 257, 259, 261, 267, 272, 402, 427], "summary": {"covered_lines": 77, "num_statements": 166, "percent_covered": 40.74074074074074, "percent_covered_display": "41", "missing_lines": 89, "excluded_lines": 9, "num_branches": 50, "num_partial_branches": 1, "covered_branches": 11, "missing_branches": 39}, "missing_lines": [53, 54, 55, 60, 61, 62, 63, 64, 183, 184, 185, 186, 199, 200, 201, 202, 207, 208, 209, 210, 215, 216, 217, 218, 226, 227, 229, 230, 232, 233, 235, 244, 246, 251, 252, 253, 269, 270, 305, 306, 309, 310, 313, 314, 316, 317, 319, 320, 321, 331, 337, 338, 339, 340, 343, 344, 347, 350, 351, 352, 353, 356, 357, 359, 361, 362, 363, 365, 366, 367, 369, 371, 374, 379, 380, 383, 384, 386, 390, 391, 393, 396, 397, 398, 400, 424, 425, 447, 448], "excluded_lines": [33, 34, 35, 36, 37, 38, 39, 40, 41], "executed_branches": [[111, 112], [111, 114], [159, 160], [159, 162], [167, 168], [167, 170], [175, 176], [175, 178], [191, 192], [191, 194], [250, -248]], "missing_branches": [[60, 61], [60, 62], [62, 63], [62, 64], [183, 184], [183, 186], [199, 200], [199, 202], [207, 208], [207, 210], [215, 216], [215, 218], [226, 227], [226, 246], [229, 230], [229, 232], [232, 233], [232, 235], [250, 251], [309, 310], [309, 313], [313, 314], [313, 316], [319, 320], [319, 396], [343, 344], [343, 347], [350, 351], [350, 356], [352, 353], [352, 356], [356, 357], [356, 359], [374, 379], [374, 393], [383, 384], [383, 386], [396, 397], [396, 400]], "functions": {"_to_snake_case": {"executed_lines": [], "summary": {"covered_lines": 0, "num_statements": 3, "percent_covered": 0.0, "percent_covered_display": "0", "missing_lines": 3, "excluded_lines": 0, "num_branches": 0, "num_partial_branches": 0, "covered_branches": 0, "missing_branches": 0}, "missing_lines": [53, 54, 55], "excluded_lines": [], "executed_branches": [], "missing_branches": []}, "_to_snake_case_deep": {"executed_lines": [], "summary": {"covered_lines": 0, "num_statements": 5, "percent_covered": 0.0, "percent_covered_display": "0", "missing_lines": 5, "excluded_lines": 0, "num_branches": 4, "num_partial_branches": 0, "covered_branches": 0, "missing_branches": 4}, "missing_lines": [60, 61, 62, 63, 64], "excluded_lines": [], "executed_branches": [], "missing_branches": [[60, 61], [60, 62], [62, 63], [62, 64]]}, "WhatsAppClient.__init__": {"executed_lines": [111, 112, 114, 124, 125, 128, 129, 130, 131, 132, 133, 134, 135, 137], "summary": {"covered_lines": 14, "num_statements": 14, "percent_covered": 100.0, "percent_covered_display": "100", "missing_lines": 0, "excluded_lines": 0, "num_branches": 2, "num_partial_branches": 0, "covered_branches": 2, "missing_branches": 0}, "missing_lines": [], "excluded_lines": [], "executed_branches": [[111, 112], [111, 114]], "missing_branches": []}, "WhatsAppClient.config": {"executed_lines": [146], "summary": {"covered_lines": 1, "num_statements": 1, "percent_covered": 100.0, "percent_covered_display": "100", "missing_lines": 0, "excluded_lines": 0, "num_branches": 0, "num_partial_branches": 0, "covered_branches": 0, "missing_branches": 0}, "missing_lines": [], "excluded_lines": [], "executed_branches": [], "missing_branches": []}, "WhatsAppClient.is_kapso_proxy": {"executed_lines": [150], "summary": {"covered_lines": 1, "num_statements": 1, "percent_covered": 100.0, "percent_covered_display": "100", "missing_lines": 0, "excluded_lines": 0, "num_branches": 0, "num_partial_branches": 0, "covered_branches": 0, "missing_branches": 0}, "missing_lines": [], "excluded_lines": [], "executed_branches": [], "missing_branches": []}, "WhatsAppClient.messages": {"executed_lines": [159, 160, 161, 162], "summary": {"covered_lines": 4, "num_statements": 4, "percent_covered": 100.0, "percent_covered_display": "100", "missing_lines": 0, "excluded_lines": 0, "num_branches": 2, "num_partial_branches": 0, "covered_branches": 2, "missing_branches": 0}, "missing_lines": [], "excluded_lines": [], "executed_branches": [[159, 160], [159, 162]], "missing_branches": []}, "WhatsAppClient.media": {"executed_lines": [167, 168, 169, 170], "summary": {"covered_lines": 4, "num_statements": 4, "percent_covered": 100.0, "percent_covered_display": "100", "missing_lines": 0, "excluded_lines": 0, "num_branches": 2, "num_partial_branches": 0, "covered_branches": 2, "missing_branches": 0}, "missing_lines": [], "excluded_lines": [], "executed_branches": [[167, 168], [167, 170]], "missing_branches": []}, "WhatsAppClient.templates": {"executed_lines": [175, 176, 177, 178], "summary": {"covered_lines": 4, "num_statements": 4, "percent_covered": 100.0, "percent_covered_display": "100", "missing_lines": 0, "excluded_lines": 0, "num_branches": 2, "num_partial_branches": 0, "covered_branches": 2, "missing_branches": 0}, "missing_lines": [], "excluded_lines": [], "executed_branches": [[175, 176], [175, 178]], "missing_branches": []}, "WhatsAppClient.phone_numbers": {"executed_lines": [], "summary": {"covered_lines": 0, "num_statements": 4, "percent_covered": 0.0, "percent_covered_display": "0", "missing_lines": 4, "excluded_lines": 0, "num_branches": 2, "num_partial_branches": 0, "covered_branches": 0, "missing_branches": 2}, "missing_lines": [183, 184, 185, 186], "excluded_lines": [], "executed_branches": [], "missing_branches": [[183, 184], [183, 186]]}, "WhatsAppClient.flows": {"executed_lines": [191, 192, 193, 194], "summary": {"covered_lines": 4, "num_statements": 4, "percent_covered": 100.0, "percent_covered_display": "100", "missing_lines": 0, "excluded_lines": 0, "num_branches": 2, "num_partial_branches": 0, "covered_branches": 2, "missing_branches": 0}, "missing_lines": [], "excluded_lines": [], "executed_branches": [[191, 192], [191, 194]], "missing_branches": []}, "WhatsAppClient.conversations": {"executed_lines": [], "summary": {"covered_lines": 0, "num_statements": 4, "percent_covered": 0.0, "percent_covered_display": "0", "missing_lines": 4, "excluded_lines": 0, "num_branches": 2, "num_partial_branches": 0, "covered_branches": 0, "missing_branches": 2}, "missing_lines": [199, 200, 201, 202], "excluded_lines": [], "executed_branches": [], "missing_branches": [[199, 200], [199, 202]]}, "WhatsAppClient.contacts": {"executed_lines": [], "summary": {"covered_lines": 0, "num_statements": 4, "percent_covered": 0.0, "percent_covered_display": "0", "missing_lines": 4, "excluded_lines": 0, "num_branches": 2, "num_partial_branches": 0, "covered_branches": 0, "missing_branches": 2}, "missing_lines": [207, 208, 209, 210], "excluded_lines": [], "executed_branches": [], "missing_branches": [[207, 208], [207, 210]]}, "WhatsAppClient.calls": {"executed_lines": [], "summary": {"covered_lines": 0, "num_statements": 4, "percent_covered": 0.0, "percent_covered_display": "0", "missing_lines": 4, "excluded_lines": 0, "num_branches": 2, "num_partial_branches": 0, "covered_branches": 0, "missing_branches": 2}, "missing_lines": [215, 216, 217, 218], "excluded_lines": [], "executed_branches": [], "missing_branches": [[215, 216], [215, 218]]}, "WhatsAppClient._get_client": {"executed_lines": [], "summary": {"covered_lines": 0, "num_statements": 9, "percent_covered": 0.0, "percent_covered_display": "0", "missing_lines": 9, "excluded_lines": 0, "num_branches": 6, "num_partial_branches": 0, "covered_branches": 0, "missing_branches": 6}, "missing_lines": [226, 227, 229, 230, 232, 233, 235, 244, 246], "excluded_lines": [], "executed_branches": [], "missing_branches": [[226, 227], [226, 246], [229, 230], [229, 232], [232, 233], [232, 235]]}, "WhatsAppClient.close": {"executed_lines": [250], "summary": {"covered_lines": 1, "num_statements": 4, "percent_covered": 33.333333333333336, "percent_covered_display": "33", "missing_lines": 3, "excluded_lines": 0, "num_branches": 2, "num_partial_branches": 1, "covered_branches": 1, "missing_branches": 1}, "missing_lines": [251, 252, 253], "excluded_lines": [], "executed_branches": [[250, -248]], "missing_branches": [[250, 251]]}, "WhatsAppClient.__aenter__": {"executed_lines": [257], "summary": {"covered_lines": 1, "num_statements": 1, "percent_covered": 100.0, "percent_covered_display": "100", "missing_lines": 0, "excluded_lines": 0, "num_branches": 0, "num_partial_branches": 0, "covered_branches": 0, "missing_branches": 0}, "missing_lines": [], "excluded_lines": [], "executed_branches": [], "missing_branches": []}, "WhatsAppClient.__aexit__": {"executed_lines": [261], "summary": {"covered_lines": 1, "num_statements": 1, "percent_covered": 100.0, "percent_covered_display": "100", "missing_lines": 0, "excluded_lines": 0, "num_branches": 0, "num_partial_branches": 0, "covered_branches": 0, "missing_branches": 0}, "missing_lines": [], "excluded_lines": [], "executed_branches": [], "missing_branches": []}, "WhatsAppClient._build_url": {"executed_lines": [], "summary": {"covered_lines": 0, "num_statements": 2, "percent_covered": 0.0, "percent_covered_display": "0", "missing_lines": 2, "excluded_lines": 0, "num_branches": 0, "num_partial_branches": 0, "covered_branches": 0, "missing_branches": 0}, "missing_lines": [269, 270], "excluded_lines": [], "executed_branches": [], "missing_branches": []}, "WhatsAppClient.request": {"executed_lines": [], "summary": {"covered_lines": 0, "num_statements": 47, "percent_covered": 0.0, "percent_covered_display": "0", "missing_lines": 47, "excluded_lines": 0, "num_branches": 20, "num_partial_branches": 0, "covered_branches": 0, "missing_branches": 20}, "missing_lines": [305, 306, 309, 310, 313, 314, 316, 317, 319, 320, 321, 331, 337, 338, 339, 340, 343, 344, 347, 350, 351, 352, 353, 356, 357, 359, 361, 362, 363, 365, 366, 367, 369, 371, 374, 379, 380, 383, 384, 386, 390, 391, 393, 396, 397, 398, 400], "excluded_lines": [], "executed_branches": [], "missing_branches": [[309, 310], [309, 313], [313, 314], [313, 316], [319, 320], [319, 396], [343, 344], [343, 347], [350, 351], [350, 356], [352, 353], [352, 356], [356, 357], [356, 359], [374, 379], [374, 393], [383, 384], [383, 386], [396, 397], [396, 400]]}, "WhatsAppClient.fetch": {"executed_lines": [], "summary": {"covered_lines": 0, "num_statements": 2, "percent_covered": 0.0, "percent_covered_display": "0", "missing_lines": 2, "excluded_lines": 0, "num_branches": 0, "num_partial_branches": 0, "covered_branches": 0, "missing_branches": 0}, "missing_lines": [424, 425], "excluded_lines": [], "executed_branches": [], "missing_branches": []}, "WhatsAppClient.raw_fetch": {"executed_lines": [], "summary": {"covered_lines": 0, "num_statements": 2, "percent_covered": 0.0, "percent_covered_display": "0", "missing_lines": 2, "excluded_lines": 0, "num_branches": 0, "num_partial_branches": 0, "covered_branches": 0, "missing_branches": 0}, "missing_lines": [447, 448], "excluded_lines": [], "executed_branches": [], "missing_branches": []}, "": {"executed_lines": [1, 14, 16, 17, 18, 20, 22, 31, 33, 43, 45, 47, 48, 51, 58, 67, 68, 88, 143, 144, 148, 156, 157, 164, 165, 172, 173, 180, 181, 188, 189, 196, 197, 204, 205, 212, 213, 224, 248, 255, 259, 267, 272, 402, 427], "summary": {"covered_lines": 42, "num_statements": 42, "percent_covered": 100.0, "percent_covered_display": "100", "missing_lines": 0, "excluded_lines": 9, "num_branches": 0, "num_partial_branches": 0, "covered_branches": 0, "missing_branches": 0}, "missing_lines": [], "excluded_lines": [33, 34, 35, 36, 37, 38, 39, 40, 41], "executed_branches": [], "missing_branches": []}}, "classes": {"WhatsAppClient": {"executed_lines": [111, 112, 114, 124, 125, 128, 129, 130, 131, 132, 133, 134, 135, 137, 146, 150, 159, 160, 161, 162, 167, 168, 169, 170, 175, 176, 177, 178, 191, 192, 193, 194, 250, 257, 261], "summary": {"covered_lines": 35, "num_statements": 116, "percent_covered": 28.395061728395063, "percent_covered_display": "28", "missing_lines": 81, "excluded_lines": 0, "num_branches": 46, "num_partial_branches": 1, "covered_branches": 11, "missing_branches": 35}, "missing_lines": [183, 184, 185, 186, 199, 200, 201, 202, 207, 208, 209, 210, 215, 216, 217, 218, 226, 227, 229, 230, 232, 233, 235, 244, 246, 251, 252, 253, 269, 270, 305, 306, 309, 310, 313, 314, 316, 317, 319, 320, 321, 331, 337, 338, 339, 340, 343, 344, 347, 350, 351, 352, 353, 356, 357, 359, 361, 362, 363, 365, 366, 367, 369, 371, 374, 379, 380, 383, 384, 386, 390, 391, 393, 396, 397, 398, 400, 424, 425, 447, 448], "excluded_lines": [], "executed_branches": [[111, 112], [111, 114], [159, 160], [159, 162], [167, 168], [167, 170], [175, 176], [175, 178], [191, 192], [191, 194], [250, -248]], "missing_branches": [[183, 184], [183, 186], [199, 200], [199, 202], [207, 208], [207, 210], [215, 216], [215, 218], [226, 227], [226, 246], [229, 230], [229, 232], [232, 233], [232, 235], [250, 251], [309, 310], [309, 313], [313, 314], [313, 316], [319, 320], [319, 396], [343, 344], [343, 347], [350, 351], [350, 356], [352, 353], [352, 356], [356, 357], [356, 359], [374, 379], [374, 393], [383, 384], [383, 386], [396, 397], [396, 400]]}, "": {"executed_lines": [1, 14, 16, 17, 18, 20, 22, 31, 33, 43, 45, 47, 48, 51, 58, 67, 68, 88, 143, 144, 148, 156, 157, 164, 165, 172, 173, 180, 181, 188, 189, 196, 197, 204, 205, 212, 213, 224, 248, 255, 259, 267, 272, 402, 427], "summary": {"covered_lines": 42, "num_statements": 50, "percent_covered": 77.77777777777777, "percent_covered_display": "78", "missing_lines": 8, "excluded_lines": 9, "num_branches": 4, "num_partial_branches": 0, "covered_branches": 0, "missing_branches": 4}, "missing_lines": [53, 54, 55, 60, 61, 62, 63, 64], "excluded_lines": [33, 34, 35, 36, 37, 38, 39, 40, 41], "executed_branches": [], "missing_branches": [[60, 61], [60, 62], [62, 63], [62, 64]]}}}, "src/kapso_whatsapp/exceptions.py": {"executed_lines": [1, 10, 12, 13, 16, 17, 19, 20, 21, 22, 23, 24, 25, 26, 27, 28, 31, 32, 34, 35, 36, 37, 40, 41, 53, 69, 79, 87, 88, 106, 107, 111, 112, 123, 124, 130, 133, 134, 137, 138, 142, 143, 149, 152, 153, 156, 157, 161, 162, 169, 188, 189, 192, 193, 197, 198, 205, 224, 225, 228, 229, 233, 234, 240, 243, 244, 247, 248, 252, 253, 259, 262, 263, 266, 267, 271, 272, 278, 281, 282, 285, 286, 290, 291, 298, 305, 306, 309, 310, 314, 315, 322, 329, 330, 333, 334, 338], "summary": {"covered_lines": 84, "num_statements": 173, "percent_covered": 39.436619718309856, "percent_covered_display": "39", "missing_lines": 89, "excluded_lines": 0, "num_branches": 40, "num_partial_branches": 0, "covered_branches": 0, "missing_branches": 40}, "missing_lines": [62, 63, 64, 65, 66, 67, 70, 71, 72, 73, 74, 75, 76, 77, 80, 90, 91, 92, 93, 94, 95, 96, 97, 98, 99, 100, 101, 102, 103, 104, 109, 114, 115, 116, 117, 118, 119, 120, 131, 135, 139, 150, 154, 158, 179, 186, 190, 194, 215, 222, 226, 230, 241, 245, 249, 260, 264, 268, 279, 283, 287, 303, 307, 311, 327, 331, 335, 352, 353, 356, 357, 358, 359, 361, 362, 363, 366, 367, 376, 377, 384, 385, 392, 393, 400, 401, 408, 409, 417], "excluded_lines": [], "executed_branches": [], "missing_branches": [[71, 72], [71, 73], [73, 74], [73, 75], [75, 76], [75, 77], [90, 91], [90, 92], [92, 93], [92, 94], [94, 95], [94, 96], [96, 97], [96, 98], [98, 99], [98, 100], [100, 101], [100, 102], [102, 103], [102, 104], [114, 115], [114, 116], [116, 117], [116, 118], [118, 119], [118, 120], [356, 357], [356, 361], [366, 367], [366, 376], [376, 377], [376, 384], [384, 385], [384, 392], [392, 393], [392, 400], [400, 401], [400, 408], [408, 409], [408, 417]], "functions": {"WhatsAppAPIError.__init__": {"executed_lines": [], "summary": {"covered_lines": 0, "num_statements": 6, "percent_covered": 0.0, "percent_covered_display": "0", "missing_lines": 6, "excluded_lines": 0, "num_branches": 0, "num_partial_branches": 0, "covered_branches": 0, "missing_branches": 0}, "missing_lines": [62, 63, 64, 65, 66, 67], "excluded_lines": [], "executed_branches": [], "missing_branches": []}, "WhatsAppAPIError.__str__": {"executed_lines": [], "summary": {"covered_lines": 0, "num_statements": 8, "percent_covered": 0.0, "percent_covered_display": "0", "missing_lines": 8, "excluded_lines": 0, "num_branches": 6, "num_partial_branches": 0, "covered_branches": 0, "missing_branches": 6}, "missing_lines": [70, 71, 72, 73, 74, 75, 76, 77], "excluded_lines": [], "executed_branches": [], "missing_branches": [[71, 72], [71, 73], [73, 74], [73, 75], [75, 76], [75, 77]]}, "WhatsAppAPIError.__repr__": {"executed_lines": [], "summary": {"covered_lines": 0, "num_statements": 1, "percent_covered": 0.0, "percent_covered_display": "0", "missing_lines": 1, "excluded_lines": 0, "num_branches": 0, "num_partial_branches": 0, "covered_branches": 0, "missing_branches": 0}, "missing_lines": [80], "excluded_lines": [], "executed_branches": [], "missing_branches": []}, "WhatsAppAPIError.category": {"executed_lines": [], "summary": {"covered_lines": 0, "num_statements": 15, "percent_covered": 0.0, "percent_covered_display": "0", "missing_lines": 15, "excluded_lines": 0, "num_branches": 14, "num_partial_branches": 0, "covered_branches": 0, "missing_branches": 14}, "missing_lines": [90, 91, 92, 93, 94, 95, 96, 97, 98, 99, 100, 101, 102, 103, 104], "excluded_lines": [], "executed_branches": [], "missing_branches": [[90, 91], [90, 92], [92, 93], [92, 94], [94, 95], [94, 96], [96, 97], [96, 98], [98, 99], [98, 100], [100, 101], [100, 102], [102, 103], [102, 104]]}, "WhatsAppAPIError.is_retryable": {"executed_lines": [], "summary": {"covered_lines": 0, "num_statements": 1, "percent_covered": 0.0, "percent_covered_display": "0", "missing_lines": 1, "excluded_lines": 0, "num_branches": 0, "num_partial_branches": 0, "covered_branches": 0, "missing_branches": 0}, "missing_lines": [109], "excluded_lines": [], "executed_branches": [], "missing_branches": []}, "WhatsAppAPIError.retry_action": {"executed_lines": [], "summary": {"covered_lines": 0, "num_statements": 7, "percent_covered": 0.0, "percent_covered_display": "0", "missing_lines": 7, "excluded_lines": 0, "num_branches": 6, "num_partial_branches": 0, "covered_branches": 0, "missing_branches": 6}, "missing_lines": [114, 115, 116, 117, 118, 119, 120], "excluded_lines": [], "executed_branches": [], "missing_branches": [[114, 115], [114, 116], [116, 117], [116, 118], [118, 119], [118, 120]]}, "AuthenticationError.__init__": {"executed_lines": [], "summary": {"covered_lines": 0, "num_statements": 1, "percent_covered": 0.0, "percent_covered_display": "0", "missing_lines": 1, "excluded_lines": 0, "num_branches": 0, "num_partial_branches": 0, "covered_branches": 0, "missing_branches": 0}, "missing_lines": [131], "excluded_lines": [], "executed_branches": [], "missing_branches": []}, "AuthenticationError.category": {"executed_lines": [], "summary": {"covered_lines": 0, "num_statements": 1, "percent_covered": 0.0, "percent_covered_display": "0", "missing_lines": 1, "excluded_lines": 0, "num_branches": 0, "num_partial_branches": 0, "covered_branches": 0, "missing_branches": 0}, "missing_lines": [135], "excluded_lines": [], "executed_branches": [], "missing_branches": []}, "AuthenticationError.retry_action": {"executed_lines": [], "summary": {"covered_lines": 0, "num_statements": 1, "percent_covered": 0.0, "percent_covered_display": "0", "missing_lines": 1, "excluded_lines": 0, "num_branches": 0, "num_partial_branches": 0, "covered_branches": 0, "missing_branches": 0}, "missing_lines": [139], "excluded_lines": [], "executed_branches": [], "missing_branches": []}, "AuthorizationError.__init__": {"executed_lines": [], "summary": {"covered_lines": 0, "num_statements": 1, "percent_covered": 0.0, "percent_covered_display": "0", "missing_lines": 1, "excluded_lines": 0, "num_branches": 0, "num_partial_branches": 0, "covered_branches": 0, "missing_branches": 0}, "missing_lines": [150], "excluded_lines": [], "executed_branches": [], "missing_branches": []}, "AuthorizationError.category": {"executed_lines": [], "summary": {"covered_lines": 0, "num_statements": 1, "percent_covered": 0.0, "percent_covered_display": "0", "missing_lines": 1, "excluded_lines": 0, "num_branches": 0, "num_partial_branches": 0, "covered_branches": 0, "missing_branches": 0}, "missing_lines": [154], "excluded_lines": [], "executed_branches": [], "missing_branches": []}, "AuthorizationError.retry_action": {"executed_lines": [], "summary": {"covered_lines": 0, "num_statements": 1, "percent_covered": 0.0, "percent_covered_display": "0", "missing_lines": 1, "excluded_lines": 0, "num_branches": 0, "num_partial_branches": 0, "covered_branches": 0, "missing_branches": 0}, "missing_lines": [158], "excluded_lines": [], "executed_branches": [], "missing_branches": []}, "RateLimitError.__init__": {"executed_lines": [], "summary": {"covered_lines": 0, "num_statements": 2, "percent_covered": 0.0, "percent_covered_display": "0", "missing_lines": 2, "excluded_lines": 0, "num_branches": 0, "num_partial_branches": 0, "covered_branches": 0, "missing_branches": 0}, "missing_lines": [179, 186], "excluded_lines": [], "executed_branches": [], "missing_branches": []}, "RateLimitError.category": {"executed_lines": [], "summary": {"covered_lines": 0, "num_statements": 1, "percent_covered": 0.0, "percent_covered_display": "0", "missing_lines": 1, "excluded_lines": 0, "num_branches": 0, "num_partial_branches": 0, "covered_branches": 0, "missing_branches": 0}, "missing_lines": [190], "excluded_lines": [], "executed_branches": [], "missing_branches": []}, "RateLimitError.retry_action": {"executed_lines": [], "summary": {"covered_lines": 0, "num_statements": 1, "percent_covered": 0.0, "percent_covered_display": "0", "missing_lines": 1, "excluded_lines": 0, "num_branches": 0, "num_partial_branches": 0, "covered_branches": 0, "missing_branches": 0}, "missing_lines": [194], "excluded_lines": [], "executed_branches": [], "missing_branches": []}, "ValidationError.__init__": {"executed_lines": [], "summary": {"covered_lines": 0, "num_statements": 2, "percent_covered": 0.0, "percent_covered_display": "0", "missing_lines": 2, "excluded_lines": 0, "num_branches": 0, "num_partial_branches": 0, "covered_branches": 0, "missing_branches": 0}, "missing_lines": [215, 222], "excluded_lines": [], "executed_branches": [], "missing_branches": []}, "ValidationError.category": {"executed_lines": [], "summary": {"covered_lines": 0, "num_statements": 1, "percent_covered": 0.0, "percent_covered_display": "0", "missing_lines": 1, "excluded_lines": 0, "num_branches": 0, "num_partial_branches": 0, "covered_branches": 0, "missing_branches": 0}, "missing_lines": [226], "excluded_lines": [], "executed_branches": [], "missing_branches": []}, "ValidationError.retry_action": {"executed_lines": [], "summary": {"covered_lines": 0, "num_statements": 1, "percent_covered": 0.0, "percent_covered_display": "0", "missing_lines": 1, "excluded_lines": 0, "num_branches": 0, "num_partial_branches": 0, "covered_branches": 0, "missing_branches": 0}, "missing_lines": [230], "excluded_lines": [], "executed_branches": [], "missing_branches": []}, "NotFoundError.__init__": {"executed_lines": [], "summary": {"covered_lines": 0, "num_statements": 1, "percent_covered": 0.0, "percent_covered_display": "0", "missing_lines": 1, "excluded_lines": 0, "num_branches": 0, "num_partial_branches": 0, "covered_branches": 0, "missing_branches": 0}, "missing_lines": [241], "excluded_lines": [], "executed_branches": [], "missing_branches": []}, "NotFoundError.category": {"executed_lines": [], "summary": {"covered_lines": 0, "num_statements": 1, "percent_covered": 0.0, "percent_covered_display": "0", "missing_lines": 1, "excluded_lines": 0, "num_branches": 0, "num_partial_branches": 0, "covered_branches": 0, "missing_branches": 0}, "missing_lines": [245], "excluded_lines": [], "executed_branches": [], "missing_branches": []}, "NotFoundError.retry_action": {"executed_lines": [], "summary": {"covered_lines": 0, "num_statements": 1, "percent_covered": 0.0, "percent_covered_display": "0", "missing_lines": 1, "excluded_lines": 0, "num_branches": 0, "num_partial_branches": 0, "covered_branches": 0, "missing_branches": 0}, "missing_lines": [249], "excluded_lines": [], "executed_branches": [], "missing_branches": []}, "NetworkError.__init__": {"executed_lines": [], "summary": {"covered_lines": 0, "num_statements": 1, "percent_covered": 0.0, "percent_covered_display": "0", "missing_lines": 1, "excluded_lines": 0, "num_branches": 0, "num_partial_branches": 0, "covered_branches": 0, "missing_branches": 0}, "missing_lines": [260], "excluded_lines": [], "executed_branches": [], "missing_branches": []}, "NetworkError.category": {"executed_lines": [], "summary": {"covered_lines": 0, "num_statements": 1, "percent_covered": 0.0, "percent_covered_display": "0", "missing_lines": 1, "excluded_lines": 0, "num_branches": 0, "num_partial_branches": 0, "covered_branches": 0, "missing_branches": 0}, "missing_lines": [264], "excluded_lines": [], "executed_branches": [], "missing_branches": []}, "NetworkError.retry_action": {"executed_lines": [], "summary": {"covered_lines": 0, "num_statements": 1, "percent_covered": 0.0, "percent_covered_display": "0", "missing_lines": 1, "excluded_lines": 0, "num_branches": 0, "num_partial_branches": 0, "covered_branches": 0, "missing_branches": 0}, "missing_lines": [268], "excluded_lines": [], "executed_branches": [], "missing_branches": []}, "TimeoutError.__init__": {"executed_lines": [], "summary": {"covered_lines": 0, "num_statements": 1, "percent_covered": 0.0, "percent_covered_display": "0", "missing_lines": 1, "excluded_lines": 0, "num_branches": 0, "num_partial_branches": 0, "covered_branches": 0, "missing_branches": 0}, "missing_lines": [279], "excluded_lines": [], "executed_branches": [], "missing_branches": []}, "TimeoutError.category": {"executed_lines": [], "summary": {"covered_lines": 0, "num_statements": 1, "percent_covered": 0.0, "percent_covered_display": "0", "missing_lines": 1, "excluded_lines": 0, "num_branches": 0, "num_partial_branches": 0, "covered_branches": 0, "missing_branches": 0}, "missing_lines": [283], "excluded_lines": [], "executed_branches": [], "missing_branches": []}, "TimeoutError.retry_action": {"executed_lines": [], "summary": {"covered_lines": 0, "num_statements": 1, "percent_covered": 0.0, "percent_covered_display": "0", "missing_lines": 1, "excluded_lines": 0, "num_branches": 0, "num_partial_branches": 0, "covered_branches": 0, "missing_branches": 0}, "missing_lines": [287], "excluded_lines": [], "executed_branches": [], "missing_branches": []}, "KapsoProxyRequiredError.__init__": {"executed_lines": [], "summary": {"covered_lines": 0, "num_statements": 1, "percent_covered": 0.0, "percent_covered_display": "0", "missing_lines": 1, "excluded_lines": 0, "num_branches": 0, "num_partial_branches": 0, "covered_branches": 0, "missing_branches": 0}, "missing_lines": [303], "excluded_lines": [], "executed_branches": [], "missing_branches": []}, "KapsoProxyRequiredError.category": {"executed_lines": [], "summary": {"covered_lines": 0, "num_statements": 1, "percent_covered": 0.0, "percent_covered_display": "0", "missing_lines": 1, "excluded_lines": 0, "num_branches": 0, "num_partial_branches": 0, "covered_branches": 0, "missing_branches": 0}, "missing_lines": [307], "excluded_lines": [], "executed_branches": [], "missing_branches": []}, "KapsoProxyRequiredError.retry_action": {"executed_lines": [], "summary": {"covered_lines": 0, "num_statements": 1, "percent_covered": 0.0, "percent_covered_display": "0", "missing_lines": 1, "excluded_lines": 0, "num_branches": 0, "num_partial_branches": 0, "covered_branches": 0, "missing_branches": 0}, "missing_lines": [311], "excluded_lines": [], "executed_branches": [], "missing_branches": []}, "MessageWindowError.__init__": {"executed_lines": [], "summary": {"covered_lines": 0, "num_statements": 1, "percent_covered": 0.0, "percent_covered_display": "0", "missing_lines": 1, "excluded_lines": 0, "num_branches": 0, "num_partial_branches": 0, "covered_branches": 0, "missing_branches": 0}, "missing_lines": [327], "excluded_lines": [], "executed_branches": [], "missing_branches": []}, "MessageWindowError.category": {"executed_lines": [], "summary": {"covered_lines": 0, "num_statements": 1, "percent_covered": 0.0, "percent_covered_display": "0", "missing_lines": 1, "excluded_lines": 0, "num_branches": 0, "num_partial_branches": 0, "covered_branches": 0, "missing_branches": 0}, "missing_lines": [331], "excluded_lines": [], "executed_branches": [], "missing_branches": []}, "MessageWindowError.retry_action": {"executed_lines": [], "summary": {"covered_lines": 0, "num_statements": 1, "percent_covered": 0.0, "percent_covered_display": "0", "missing_lines": 1, "excluded_lines": 0, "num_branches": 0, "num_partial_branches": 0, "covered_branches": 0, "missing_branches": 0}, "missing_lines": [335], "excluded_lines": [], "executed_branches": [], "missing_branches": []}, "categorize_error": {"executed_lines": [], "summary": {"covered_lines": 0, "num_statements": 22, "percent_covered": 0.0, "percent_covered_display": "0", "missing_lines": 22, "excluded_lines": 0, "num_branches": 14, "num_partial_branches": 0, "covered_branches": 0, "missing_branches": 14}, "missing_lines": [352, 353, 356, 357, 358, 359, 361, 362, 363, 366, 367, 376, 377, 384, 385, 392, 393, 400, 401, 408, 409, 417], "excluded_lines": [], "executed_branches": [], "missing_branches": [[356, 357], [356, 361], [366, 367], [366, 376], [376, 377], [376, 384], [384, 385], [384, 392], [392, 393], [392, 400], [400, 401], [400, 408], [408, 409], [408, 417]]}, "": {"executed_lines": [1, 10, 12, 13, 16, 17, 19, 20, 21, 22, 23, 24, 25, 26, 27, 28, 31, 32, 34, 35, 36, 37, 40, 41, 53, 69, 79, 87, 88, 106, 107, 111, 112, 123, 124, 130, 133, 134, 137, 138, 142, 143, 149, 152, 153, 156, 157, 161, 162, 169, 188, 189, 192, 193, 197, 198, 205, 224, 225, 228, 229, 233, 234, 240, 243, 244, 247, 248, 252, 253, 259, 262, 263, 266, 267, 271, 272, 278, 281, 282, 285, 286, 290, 291, 298, 305, 306, 309, 310, 314, 315, 322, 329, 330, 333, 334, 338], "summary": {"covered_lines": 84, "num_statements": 84, "percent_covered": 100.0, "percent_covered_display": "100", "missing_lines": 0, "excluded_lines": 0, "num_branches": 0, "num_partial_branches": 0, "covered_branches": 0, "missing_branches": 0}, "missing_lines": [], "excluded_lines": [], "executed_branches": [], "missing_branches": []}}, "classes": {"ErrorCategory": {"executed_lines": [], "summary": {"covered_lines": 0, "num_statements": 0, "percent_covered": 100.0, "percent_covered_display": "100", "missing_lines": 0, "excluded_lines": 0, "num_branches": 0, "num_partial_branches": 0, "covered_branches": 0, "missing_branches": 0}, "missing_lines": [], "excluded_lines": [], "executed_branches": [], "missing_branches": []}, "RetryAction": {"executed_lines": [], "summary": {"covered_lines": 0, "num_statements": 0, "percent_covered": 100.0, "percent_covered_display": "100", "missing_lines": 0, "excluded_lines": 0, "num_branches": 0, "num_partial_branches": 0, "covered_branches": 0, "missing_branches": 0}, "missing_lines": [], "excluded_lines": [], "executed_branches": [], "missing_branches": []}, "WhatsAppAPIError": {"executed_lines": [], "summary": {"covered_lines": 0, "num_statements": 38, "percent_covered": 0.0, "percent_covered_display": "0", "missing_lines": 38, "excluded_lines": 0, "num_branches": 26, "num_partial_branches": 0, "covered_branches": 0, "missing_branches": 26}, "missing_lines": [62, 63, 64, 65, 66, 67, 70, 71, 72, 73, 74, 75, 76, 77, 80, 90, 91, 92, 93, 94, 95, 96, 97, 98, 99, 100, 101, 102, 103, 104, 109, 114, 115, 116, 117, 118, 119, 120], "excluded_lines": [], "executed_branches": [], "missing_branches": [[71, 72], [71, 73], [73, 74], [73, 75], [75, 76], [75, 77], [90, 91], [90, 92], [92, 93], [92, 94], [94, 95], [94, 96], [96, 97], [96, 98], [98, 99], [98, 100], [100, 101], [100, 102], [102, 103], [102, 104], [114, 115], [114, 116], [116, 117], [116, 118], [118, 119], [118, 120]]}, "AuthenticationError": {"executed_lines": [], "summary": {"covered_lines": 0, "num_statements": 3, "percent_covered": 0.0, "percent_covered_display": "0", "missing_lines": 3, "excluded_lines": 0, "num_branches": 0, "num_partial_branches": 0, "covered_branches": 0, "missing_branches": 0}, "missing_lines": [131, 135, 139], "excluded_lines": [], "executed_branches": [], "missing_branches": []}, "AuthorizationError": {"executed_lines": [], "summary": {"covered_lines": 0, "num_statements": 3, "percent_covered": 0.0, "percent_covered_display": "0", "missing_lines": 3, "excluded_lines": 0, "num_branches": 0, "num_partial_branches": 0, "covered_branches": 0, "missing_branches": 0}, "missing_lines": [150, 154, 158], "excluded_lines": [], "executed_branches": [], "missing_branches": []}, "RateLimitError": {"executed_lines": [], "summary": {"covered_lines": 0, "num_statements": 4, "percent_covered": 0.0, "percent_covered_display": "0", "missing_lines": 4, "excluded_lines": 0, "num_branches": 0, "num_partial_branches": 0, "covered_branches": 0, "missing_branches": 0}, "missing_lines": [179, 186, 190, 194], "excluded_lines": [], "executed_branches": [], "missing_branches": []}, "ValidationError": {"executed_lines": [], "summary": {"covered_lines": 0, "num_statements": 4, "percent_covered": 0.0, "percent_covered_display": "0", "missing_lines": 4, "excluded_lines": 0, "num_branches": 0, "num_partial_branches": 0, "covered_branches": 0, "missing_branches": 0}, "missing_lines": [215, 222, 226, 230], "excluded_lines": [], "executed_branches": [], "missing_branches": []}, "NotFoundError": {"executed_lines": [], "summary": {"covered_lines": 0, "num_statements": 3, "percent_covered": 0.0, "percent_covered_display": "0", "missing_lines": 3, "excluded_lines": 0, "num_branches": 0, "num_partial_branches": 0, "covered_branches": 0, "missing_branches": 0}, "missing_lines": [241, 245, 249], "excluded_lines": [], "executed_branches": [], "missing_branches": []}, "NetworkError": {"executed_lines": [], "summary": {"covered_lines": 0, "num_statements": 3, "percent_covered": 0.0, "percent_covered_display": "0", "missing_lines": 3, "excluded_lines": 0, "num_branches": 0, "num_partial_branches": 0, "covered_branches": 0, "missing_branches": 0}, "missing_lines": [260, 264, 268], "excluded_lines": [], "executed_branches": [], "missing_branches": []}, "TimeoutError": {"executed_lines": [], "summary": {"covered_lines": 0, "num_statements": 3, "percent_covered": 0.0, "percent_covered_display": "0", "missing_lines": 3, "excluded_lines": 0, "num_branches": 0, "num_partial_branches": 0, "covered_branches": 0, "missing_branches": 0}, "missing_lines": [279, 283, 287], "excluded_lines": [], "executed_branches": [], "missing_branches": []}, "KapsoProxyRequiredError": {"executed_lines": [], "summary": {"covered_lines": 0, "num_statements": 3, "percent_covered": 0.0, "percent_covered_display": "0", "missing_lines": 3, "excluded_lines": 0, "num_branches": 0, "num_partial_branches": 0, "covered_branches": 0, "missing_branches": 0}, "missing_lines": [303, 307, 311], "excluded_lines": [], "executed_branches": [], "missing_branches": []}, "MessageWindowError": {"executed_lines": [], "summary": {"covered_lines": 0, "num_statements": 3, "percent_covered": 0.0, "percent_covered_display": "0", "missing_lines": 3, "excluded_lines": 0, "num_branches": 0, "num_partial_branches": 0, "covered_branches": 0, "missing_branches": 0}, "missing_lines": [327, 331, 335], "excluded_lines": [], "executed_branches": [], "missing_branches": []}, "": {"executed_lines": [1, 10, 12, 13, 16, 17, 19, 20, 21, 22, 23, 24, 25, 26, 27, 28, 31, 32, 34, 35, 36, 37, 40, 41, 53, 69, 79, 87, 88, 106, 107, 111, 112, 123, 124, 130, 133, 134, 137, 138, 142, 143, 149, 152, 153, 156, 157, 161, 162, 169, 188, 189, 192, 193, 197, 198, 205, 224, 225, 228, 229, 233, 234, 240, 243, 244, 247, 248, 252, 253, 259, 262, 263, 266, 267, 271, 272, 278, 281, 282, 285, 286, 290, 291, 298, 305, 306, 309, 310, 314, 315, 322, 329, 330, 333, 334, 338], "summary": {"covered_lines": 84, "num_statements": 106, "percent_covered": 70.0, "percent_covered_display": "70", "missing_lines": 22, "excluded_lines": 0, "num_branches": 14, "num_partial_branches": 0, "covered_branches": 0, "missing_branches": 14}, "missing_lines": [352, 353, 356, 357, 358, 359, 361, 362, 363, 366, 367, 376, 377, 384, 385, 392, 393, 400, 401, 408, 409, 417], "excluded_lines": [], "executed_branches": [], "missing_branches": [[356, 357], [356, 361], [366, 367], [366, 376], [376, 377], [376, 384], [384, 385], [384, 392], [392, 393], [392, 400], [400, 401], [400, 408], [408, 409], [408, 417]]}}}, "src/kapso_whatsapp/kapso.py": {"executed_lines": [1, 7, 9, 10, 13, 31, 50, 66, 67, 70, 72, 73, 75, 78, 97, 98, 99, 100, 102, 104, 105, 107], "summary": {"covered_lines": 21, "num_statements": 21, "percent_covered": 100.0, "percent_covered_display": "100", "missing_lines": 0, "excluded_lines": 0, "num_branches": 10, "num_partial_branches": 0, "covered_branches": 10, "missing_branches": 0}, "missing_lines": [], "excluded_lines": [], "executed_branches": [[66, 67], [66, 70], [72, 73], [72, 75], [98, 99], [98, 104], [99, 100], [99, 102], [104, 105], [104, 107]], "missing_branches": [], "functions": {"build_kapso_fields": {"executed_lines": [66, 67, 70, 72, 73, 75], "summary": {"covered_lines": 6, "num_statements": 6, "percent_covered": 100.0, "percent_covered_display": "100", "missing_lines": 0, "excluded_lines": 0, "num_branches": 4, "num_partial_branches": 0, "covered_branches": 4, "missing_branches": 0}, "missing_lines": [], "excluded_lines": [], "executed_branches": [[66, 67], [66, 70], [72, 73], [72, 75]], "missing_branches": []}, "build_kapso_message_fields": {"executed_lines": [97, 98, 99, 100, 102, 104, 105, 107], "summary": {"covered_lines": 8, "num_statements": 8, "percent_covered": 100.0, "percent_covered_display": "100", "missing_lines": 0, "excluded_lines": 0, "num_branches": 6, "num_partial_branches": 0, "covered_branches": 6, "missing_branches": 0}, "missing_lines": [], "excluded_lines": [], "executed_branches": [[98, 99], [98, 104], [99, 100], [99, 102], [104, 105], [104, 107]], "missing_branches": []}, "": {"executed_lines": [1, 7, 9, 10, 13, 31, 50, 78], "summary": {"covered_lines": 7, "num_statements": 7, "percent_covered": 100.0, "percent_covered_display": "100", "missing_lines": 0, "excluded_lines": 0, "num_branches": 0, "num_partial_branches": 0, "covered_branches": 0, "missing_branches": 0}, "missing_lines": [], "excluded_lines": [], "executed_branches": [], "missing_branches": []}}, "classes": {"": {"executed_lines": [1, 7, 9, 10, 13, 31, 50, 66, 67, 70, 72, 73, 75, 78, 97, 98, 99, 100, 102, 104, 105, 107], "summary": {"covered_lines": 21, "num_statements": 21, "percent_covered": 100.0, "percent_covered_display": "100", "missing_lines": 0, "excluded_lines": 0, "num_branches": 10, "num_partial_branches": 0, "covered_branches": 10, "missing_branches": 0}, "missing_lines": [], "excluded_lines": [], "executed_branches": [[66, 67], [66, 70], [72, 73], [72, 75], [98, 99], [98, 104], [99, 100], [99, 102], [104, 105], [104, 107]], "missing_branches": []}}}, "src/kapso_whatsapp/resources/__init__.py": {"executed_lines": [1, 3, 4, 5, 6, 7, 8, 9, 10, 12], "summary": {"covered_lines": 9, "num_statements": 9, "percent_covered": 100.0, "percent_covered_display": "100", "missing_lines": 0, "excluded_lines": 0, "num_branches": 0, "num_partial_branches": 0, "covered_branches": 0, "missing_branches": 0}, "missing_lines": [], "excluded_lines": [], "executed_branches": [], "missing_branches": [], "functions": {"": {"executed_lines": [1, 3, 4, 5, 6, 7, 8, 9, 10, 12], "summary": {"covered_lines": 9, "num_statements": 9, "percent_covered": 100.0, "percent_covered_display": "100", "missing_lines": 0, "excluded_lines": 0, "num_branches": 0, "num_partial_branches": 0, "covered_branches": 0, "missing_branches": 0}, "missing_lines": [], "excluded_lines": [], "executed_branches": [], "missing_branches": []}}, "classes": {"": {"executed_lines": [1, 3, 4, 5, 6, 7, 8, 9, 10, 12], "summary": {"covered_lines": 9, "num_statements": 9, "percent_covered": 100.0, "percent_covered_display": "100", "missing_lines": 0, "excluded_lines": 0, "num_branches": 0, "num_partial_branches": 0, "covered_branches": 0, "missing_branches": 0}, "missing_lines": [], "excluded_lines": [], "executed_branches": [], "missing_branches": []}}}, "src/kapso_whatsapp/resources/base.py": {"executed_lines": [1, 3, 5, 7, 11, 12, 14, 21, 23, 32], "summary": {"covered_lines": 7, "num_statements": 11, "percent_covered": 53.84615384615385, "percent_covered_display": "54", "missing_lines": 4, "excluded_lines": 2, "num_branches": 2, "num_partial_branches": 0, "covered_branches": 0, "missing_branches": 2}, "missing_lines": [30, 34, 35, 36], "excluded_lines": [7, 8], "executed_branches": [], "missing_branches": [[34, -32], [34, 35]], "functions": {"BaseResource.__init__": {"executed_lines": [21], "summary": {"covered_lines": 1, "num_statements": 1, "percent_covered": 100.0, "percent_covered_display": "100", "missing_lines": 0, "excluded_lines": 0, "num_branches": 0, "num_partial_branches": 0, "covered_branches": 0, "missing_branches": 0}, "missing_lines": [], "excluded_lines": [], "executed_branches": [], "missing_branches": []}, "BaseResource._request": {"executed_lines": [], "summary": {"covered_lines": 0, "num_statements": 1, "percent_covered": 0.0, "percent_covered_display": "0", "missing_lines": 1, "excluded_lines": 0, "num_branches": 0, "num_partial_branches": 0, "covered_branches": 0, "missing_branches": 0}, "missing_lines": [30], "excluded_lines": [], "executed_branches": [], "missing_branches": []}, "BaseResource._require_kapso_proxy": {"executed_lines": [], "summary": {"covered_lines": 0, "num_statements": 3, "percent_covered": 0.0, "percent_covered_display": "0", "missing_lines": 3, "excluded_lines": 0, "num_branches": 2, "num_partial_branches": 0, "covered_branches": 0, "missing_branches": 2}, "missing_lines": [34, 35, 36], "excluded_lines": [], "executed_branches": [], "missing_branches": [[34, -32], [34, 35]]}, "": {"executed_lines": [1, 3, 5, 7, 11, 12, 14, 23, 32], "summary": {"covered_lines": 6, "num_statements": 6, "percent_covered": 100.0, "percent_covered_display": "100", "missing_lines": 0, "excluded_lines": 2, "num_branches": 0, "num_partial_branches": 0, "covered_branches": 0, "missing_branches": 0}, "missing_lines": [], "excluded_lines": [7, 8], "executed_branches": [], "missing_branches": []}}, "classes": {"BaseResource": {"executed_lines": [21], "summary": {"covered_lines": 1, "num_statements": 5, "percent_covered": 14.285714285714286, "percent_covered_display": "14", "missing_lines": 4, "excluded_lines": 0, "num_branches": 2, "num_partial_branches": 0, "covered_branches": 0, "missing_branches": 2}, "missing_lines": [30, 34, 35, 36], "excluded_lines": [], "executed_branches": [], "missing_branches": [[34, -32], [34, 35]]}, "": {"executed_lines": [1, 3, 5, 7, 11, 12, 14, 23, 32], "summary": {"covered_lines": 6, "num_statements": 6, "percent_covered": 100.0, "percent_covered_display": "100", "missing_lines": 0, "excluded_lines": 2, "num_branches": 0, "num_partial_branches": 0, "covered_branches": 0, "missing_branches": 0}, "missing_lines": [], "excluded_lines": [7, 8], "executed_branches": [], "missing_branches": []}}}, "src/kapso_whatsapp/resources/calls.py": {"executed_lines": [1, 7, 9, 10, 12, 14, 17, 20, 21, 30, 33, 67, 91], "summary": {"covered_lines": 10, "num_statements": 24, "percent_covered": 35.714285714285715, "percent_covered_display": "36", "missing_lines": 14, "excluded_lines": 2, "num_branches": 4, "num_partial_branches": 0, "covered_branches": 0, "missing_branches": 4}, "missing_lines": [31, 53, 55, 60, 61, 62, 63, 65, 83, 85, 109, 111, 117, 118], "excluded_lines": [14, 15], "executed_branches": [], "missing_branches": [[60, 61], [60, 62], [62, 63], [62, 65]], "functions": {"CallsResource.__init__": {"executed_lines": [], "summary": {"covered_lines": 0, "num_statements": 1, "percent_covered": 0.0, "percent_covered_display": "0", "missing_lines": 1, "excluded_lines": 0, "num_branches": 0, "num_partial_branches": 0, "covered_branches": 0, "missing_branches": 0}, "missing_lines": [31], "excluded_lines": [], "executed_branches": [], "missing_branches": []}, "CallsResource.list": {"executed_lines": [], "summary": {"covered_lines": 0, "num_statements": 7, "percent_covered": 0.0, "percent_covered_display": "0", "missing_lines": 7, "excluded_lines": 0, "num_branches": 4, "num_partial_branches": 0, "covered_branches": 0, "missing_branches": 4}, "missing_lines": [53, 55, 60, 61, 62, 63, 65], "excluded_lines": [], "executed_branches": [], "missing_branches": [[60, 61], [60, 62], [62, 63], [62, 65]]}, "CallsResource.get": {"executed_lines": [], "summary": {"covered_lines": 0, "num_statements": 2, "percent_covered": 0.0, "percent_covered_display": "0", "missing_lines": 2, "excluded_lines": 0, "num_branches": 0, "num_partial_branches": 0, "covered_branches": 0, "missing_branches": 0}, "missing_lines": [83, 85], "excluded_lines": [], "executed_branches": [], "missing_branches": []}, "CallsResource.request_permission": {"executed_lines": [], "summary": {"covered_lines": 0, "num_statements": 4, "percent_covered": 0.0, "percent_covered_display": "0", "missing_lines": 4, "excluded_lines": 0, "num_branches": 0, "num_partial_branches": 0, "covered_branches": 0, "missing_branches": 0}, "missing_lines": [109, 111, 117, 118], "excluded_lines": [], "executed_branches": [], "missing_branches": []}, "": {"executed_lines": [1, 7, 9, 10, 12, 14, 17, 20, 21, 30, 33, 67, 91], "summary": {"covered_lines": 10, "num_statements": 10, "percent_covered": 100.0, "percent_covered_display": "100", "missing_lines": 0, "excluded_lines": 2, "num_branches": 0, "num_partial_branches": 0, "covered_branches": 0, "missing_branches": 0}, "missing_lines": [], "excluded_lines": [14, 15], "executed_branches": [], "missing_branches": []}}, "classes": {"CallsResource": {"executed_lines": [], "summary": {"covered_lines": 0, "num_statements": 14, "percent_covered": 0.0, "percent_covered_display": "0", "missing_lines": 14, "excluded_lines": 0, "num_branches": 4, "num_partial_branches": 0, "covered_branches": 0, "missing_branches": 4}, "missing_lines": [31, 53, 55, 60, 61, 62, 63, 65, 83, 85, 109, 111, 117, 118], "excluded_lines": [], "executed_branches": [], "missing_branches": [[60, 61], [60, 62], [62, 63], [62, 65]]}, "": {"executed_lines": [1, 7, 9, 10, 12, 14, 17, 20, 21, 30, 33, 67, 91], "summary": {"covered_lines": 10, "num_statements": 10, "percent_covered": 100.0, "percent_covered_display": "100", "missing_lines": 0, "excluded_lines": 2, "num_branches": 0, "num_partial_branches": 0, "covered_branches": 0, "missing_branches": 0}, "missing_lines": [], "excluded_lines": [14, 15], "executed_branches": [], "missing_branches": []}}}, "src/kapso_whatsapp/resources/contacts.py": {"executed_lines": [1, 7, 9, 10, 12, 14, 17, 20, 21, 30, 33, 96, 139], "summary": {"covered_lines": 10, "num_statements": 41, "percent_covered": 16.39344262295082, "percent_covered_display": "16", "missing_lines": 31, "excluded_lines": 2, "num_branches": 20, "num_partial_branches": 0, "covered_branches": 0, "missing_branches": 20}, "missing_lines": [31, 77, 79, 81, 82, 83, 84, 85, 86, 87, 88, 89, 90, 91, 92, 94, 127, 129, 130, 131, 133, 161, 163, 165, 166, 167, 168, 169, 170, 172, 173], "excluded_lines": [14, 15], "executed_branches": [], "missing_branches": [[81, 82], [81, 83], [83, 84], [83, 85], [85, 86], [85, 87], [87, 88], [87, 89], [89, 90], [89, 91], [91, 92], [91, 94], [130, 131], [130, 133], [165, 166], [165, 167], [167, 168], [167, 169], [169, 170], [169, 172]], "functions": {"ContactsResource.__init__": {"executed_lines": [], "summary": {"covered_lines": 0, "num_statements": 1, "percent_covered": 0.0, "percent_covered_display": "0", "missing_lines": 1, "excluded_lines": 0, "num_branches": 0, "num_partial_branches": 0, "covered_branches": 0, "missing_branches": 0}, "missing_lines": [31], "excluded_lines": [], "executed_branches": [], "missing_branches": []}, "ContactsResource.list": {"executed_lines": [], "summary": {"covered_lines": 0, "num_statements": 15, "percent_covered": 0.0, "percent_covered_display": "0", "missing_lines": 15, "excluded_lines": 0, "num_branches": 12, "num_partial_branches": 0, "covered_branches": 0, "missing_branches": 12}, "missing_lines": [77, 79, 81, 82, 83, 84, 85, 86, 87, 88, 89, 90, 91, 92, 94], "excluded_lines": [], "executed_branches": [], "missing_branches": [[81, 82], [81, 83], [83, 84], [83, 85], [85, 86], [85, 87], [87, 88], [87, 89], [89, 90], [89, 91], [91, 92], [91, 94]]}, "ContactsResource.get": {"executed_lines": [], "summary": {"covered_lines": 0, "num_statements": 5, "percent_covered": 0.0, "percent_covered_display": "0", "missing_lines": 5, "excluded_lines": 0, "num_branches": 2, "num_partial_branches": 0, "covered_branches": 0, "missing_branches": 2}, "missing_lines": [127, 129, 130, 131, 133], "excluded_lines": [], "executed_branches": [], "missing_branches": [[130, 131], [130, 133]]}, "ContactsResource.update": {"executed_lines": [], "summary": {"covered_lines": 0, "num_statements": 10, "percent_covered": 0.0, "percent_covered_display": "0", "missing_lines": 10, "excluded_lines": 0, "num_branches": 6, "num_partial_branches": 0, "covered_branches": 0, "missing_branches": 6}, "missing_lines": [161, 163, 165, 166, 167, 168, 169, 170, 172, 173], "excluded_lines": [], "executed_branches": [], "missing_branches": [[165, 166], [165, 167], [167, 168], [167, 169], [169, 170], [169, 172]]}, "": {"executed_lines": [1, 7, 9, 10, 12, 14, 17, 20, 21, 30, 33, 96, 139], "summary": {"covered_lines": 10, "num_statements": 10, "percent_covered": 100.0, "percent_covered_display": "100", "missing_lines": 0, "excluded_lines": 2, "num_branches": 0, "num_partial_branches": 0, "covered_branches": 0, "missing_branches": 0}, "missing_lines": [], "excluded_lines": [14, 15], "executed_branches": [], "missing_branches": []}}, "classes": {"ContactsResource": {"executed_lines": [], "summary": {"covered_lines": 0, "num_statements": 31, "percent_covered": 0.0, "percent_covered_display": "0", "missing_lines": 31, "excluded_lines": 0, "num_branches": 20, "num_partial_branches": 0, "covered_branches": 0, "missing_branches": 20}, "missing_lines": [31, 77, 79, 81, 82, 83, 84, 85, 86, 87, 88, 89, 90, 91, 92, 94, 127, 129, 130, 131, 133, 161, 163, 165, 166, 167, 168, 169, 170, 172, 173], "excluded_lines": [], "executed_branches": [], "missing_branches": [[81, 82], [81, 83], [83, 84], [83, 85], [85, 86], [85, 87], [87, 88], [87, 89], [89, 90], [89, 91], [91, 92], [91, 94], [130, 131], [130, 133], [165, 166], [165, 167], [167, 168], [167, 169], [169, 170], [169, 172]]}, "": {"executed_lines": [1, 7, 9, 10, 12, 14, 17, 20, 21, 30, 33, 96, 139], "summary": {"covered_lines": 10, "num_statements": 10, "percent_covered": 100.0, "percent_covered_display": "100", "missing_lines": 0, "excluded_lines": 2, "num_branches": 0, "num_partial_branches": 0, "covered_branches": 0, "missing_branches": 0}, "missing_lines": [], "excluded_lines": [14, 15], "executed_branches": [], "missing_branches": []}}}, "src/kapso_whatsapp/resources/conversations.py": {"executed_lines": [1, 7, 9, 10, 11, 13, 15, 18, 21, 22, 31, 34, 107, 150], "summary": {"covered_lines": 11, "num_statements": 41, "percent_covered": 18.0327868852459, "percent_covered_display": "18", "missing_lines": 30, "excluded_lines": 2, "num_branches": 20, "num_partial_branches": 0, "covered_branches": 0, "missing_branches": 20}, "missing_lines": [32, 80, 82, 84, 85, 86, 87, 88, 90, 91, 92, 93, 95, 96, 97, 98, 99, 100, 101, 102, 103, 105, 138, 140, 141, 142, 144, 166, 168, 169], "excluded_lines": [15, 16], "executed_branches": [], "missing_branches": [[84, 85], [84, 86], [86, 87], [86, 91], [87, 88], [87, 90], [91, 92], [91, 96], [92, 93], [92, 95], [96, 97], [96, 98], [98, 99], [98, 100], [100, 101], [100, 102], [102, 103], [102, 105], [141, 142], [141, 144]], "functions": {"ConversationsResource.__init__": {"executed_lines": [], "summary": {"covered_lines": 0, "num_statements": 1, "percent_covered": 0.0, "percent_covered_display": "0", "missing_lines": 1, "excluded_lines": 0, "num_branches": 0, "num_partial_branches": 0, "covered_branches": 0, "missing_branches": 0}, "missing_lines": [32], "excluded_lines": [], "executed_branches": [], "missing_branches": []}, "ConversationsResource.list": {"executed_lines": [], "summary": {"covered_lines": 0, "num_statements": 21, "percent_covered": 0.0, "percent_covered_display": "0", "missing_lines": 21, "excluded_lines": 0, "num_branches": 18, "num_partial_branches": 0, "covered_branches": 0, "missing_branches": 18}, "missing_lines": [80, 82, 84, 85, 86, 87, 88, 90, 91, 92, 93, 95, 96, 97, 98, 99, 100, 101, 102, 103, 105], "excluded_lines": [], "executed_branches": [], "missing_branches": [[84, 85], [84, 86], [86, 87], [86, 91], [87, 88], [87, 90], [91, 92], [91, 96], [92, 93], [92, 95], [96, 97], [96, 98], [98, 99], [98, 100], [100, 101], [100, 102], [102, 103], [102, 105]]}, "ConversationsResource.get": {"executed_lines": [], "summary": {"covered_lines": 0, "num_statements": 5, "percent_covered": 0.0, "percent_covered_display": "0", "missing_lines": 5, "excluded_lines": 0, "num_branches": 2, "num_partial_branches": 0, "covered_branches": 0, "missing_branches": 2}, "missing_lines": [138, 140, 141, 142, 144], "excluded_lines": [], "executed_branches": [], "missing_branches": [[141, 142], [141, 144]]}, "ConversationsResource.update_status": {"executed_lines": [], "summary": {"covered_lines": 0, "num_statements": 3, "percent_covered": 0.0, "percent_covered_display": "0", "missing_lines": 3, "excluded_lines": 0, "num_branches": 0, "num_partial_branches": 0, "covered_branches": 0, "missing_branches": 0}, "missing_lines": [166, 168, 169], "excluded_lines": [], "executed_branches": [], "missing_branches": []}, "": {"executed_lines": [1, 7, 9, 10, 11, 13, 15, 18, 21, 22, 31, 34, 107, 150], "summary": {"covered_lines": 11, "num_statements": 11, "percent_covered": 100.0, "percent_covered_display": "100", "missing_lines": 0, "excluded_lines": 2, "num_branches": 0, "num_partial_branches": 0, "covered_branches": 0, "missing_branches": 0}, "missing_lines": [], "excluded_lines": [15, 16], "executed_branches": [], "missing_branches": []}}, "classes": {"ConversationsResource": {"executed_lines": [], "summary": {"covered_lines": 0, "num_statements": 30, "percent_covered": 0.0, "percent_covered_display": "0", "missing_lines": 30, "excluded_lines": 0, "num_branches": 20, "num_partial_branches": 0, "covered_branches": 0, "missing_branches": 20}, "missing_lines": [32, 80, 82, 84, 85, 86, 87, 88, 90, 91, 92, 93, 95, 96, 97, 98, 99, 100, 101, 102, 103, 105, 138, 140, 141, 142, 144, 166, 168, 169], "excluded_lines": [], "executed_branches": [], "missing_branches": [[84, 85], [84, 86], [86, 87], [86, 91], [87, 88], [87, 90], [91, 92], [91, 96], [92, 93], [92, 95], [96, 97], [96, 98], [98, 99], [98, 100], [100, 101], [100, 102], [102, 103], [102, 105], [141, 142], [141, 144]]}, "": {"executed_lines": [1, 7, 9, 10, 11, 13, 15, 18, 21, 22, 31, 34, 107, 150], "summary": {"covered_lines": 11, "num_statements": 11, "percent_covered": 100.0, "percent_covered_display": "100", "missing_lines": 0, "excluded_lines": 2, "num_branches": 0, "num_partial_branches": 0, "covered_branches": 0, "missing_branches": 0}, "missing_lines": [], "excluded_lines": [15, 16], "executed_branches": [], "missing_branches": []}}}, "src/kapso_whatsapp/resources/flows.py": {"executed_lines": [1, 8, 10, 11, 12, 14, 16, 19, 22, 23, 34, 35, 37, 61, 73, 98, 133, 146, 159, 172, 188], "summary": {"covered_lines": 18, "num_statements": 73, "percent_covered": 19.78021978021978, "percent_covered_display": "20", "missing_lines": 55, "excluded_lines": 2, "num_branches": 18, "num_partial_branches": 0, "covered_branches": 0, "missing_branches": 18}, "missing_lines": [55, 56, 57, 59, 71, 91, 92, 93, 95, 96, 116, 118, 119, 122, 123, 125, 126, 143, 144, 156, 157, 169, 170, 182, 212, 215, 216, 218, 219, 220, 221, 224, 225, 226, 228, 229, 230, 233, 234, 236, 238, 245, 246, 247, 248, 249, 250, 251, 254, 255, 256, 257, 258, 259, 261], "excluded_lines": [16, 17], "executed_branches": [], "missing_branches": [[56, 57], [56, 59], [92, 93], [92, 95], [118, 119], [118, 122], [218, 219], [218, 224], [219, 218], [219, 220], [224, 225], [224, 228], [233, 234], [233, 236], [245, 246], [245, 254], [254, 255], [254, 261]], "functions": {"FlowsResource.__init__": {"executed_lines": [35], "summary": {"covered_lines": 1, "num_statements": 1, "percent_covered": 100.0, "percent_covered_display": "100", "missing_lines": 0, "excluded_lines": 0, "num_branches": 0, "num_partial_branches": 0, "covered_branches": 0, "missing_branches": 0}, "missing_lines": [], "excluded_lines": [], "executed_branches": [], "missing_branches": []}, "FlowsResource.list": {"executed_lines": [], "summary": {"covered_lines": 0, "num_statements": 4, "percent_covered": 0.0, "percent_covered_display": "0", "missing_lines": 4, "excluded_lines": 0, "num_branches": 2, "num_partial_branches": 0, "covered_branches": 0, "missing_branches": 2}, "missing_lines": [55, 56, 57, 59], "excluded_lines": [], "executed_branches": [], "missing_branches": [[56, 57], [56, 59]]}, "FlowsResource.get": {"executed_lines": [], "summary": {"covered_lines": 0, "num_statements": 1, "percent_covered": 0.0, "percent_covered_display": "0", "missing_lines": 1, "excluded_lines": 0, "num_branches": 0, "num_partial_branches": 0, "covered_branches": 0, "missing_branches": 0}, "missing_lines": [71], "excluded_lines": [], "executed_branches": [], "missing_branches": []}, "FlowsResource.create": {"executed_lines": [], "summary": {"covered_lines": 0, "num_statements": 5, "percent_covered": 0.0, "percent_covered_display": "0", "missing_lines": 5, "excluded_lines": 0, "num_branches": 2, "num_partial_branches": 0, "covered_branches": 0, "missing_branches": 2}, "missing_lines": [91, 92, 93, 95, 96], "excluded_lines": [], "executed_branches": [], "missing_branches": [[92, 93], [92, 95]]}, "FlowsResource.update_asset": {"executed_lines": [], "summary": {"covered_lines": 0, "num_statements": 7, "percent_covered": 0.0, "percent_covered_display": "0", "missing_lines": 7, "excluded_lines": 0, "num_branches": 2, "num_partial_branches": 0, "covered_branches": 0, "missing_branches": 2}, "missing_lines": [116, 118, 119, 122, 123, 125, 126], "excluded_lines": [], "executed_branches": [], "missing_branches": [[118, 119], [118, 122]]}, "FlowsResource.publish": {"executed_lines": [], "summary": {"covered_lines": 0, "num_statements": 2, "percent_covered": 0.0, "percent_covered_display": "0", "missing_lines": 2, "excluded_lines": 0, "num_branches": 0, "num_partial_branches": 0, "covered_branches": 0, "missing_branches": 0}, "missing_lines": [143, 144], "excluded_lines": [], "executed_branches": [], "missing_branches": []}, "FlowsResource.deprecate": {"executed_lines": [], "summary": {"covered_lines": 0, "num_statements": 2, "percent_covered": 0.0, "percent_covered_display": "0", "missing_lines": 2, "excluded_lines": 0, "num_branches": 0, "num_partial_branches": 0, "covered_branches": 0, "missing_branches": 0}, "missing_lines": [156, 157], "excluded_lines": [], "executed_branches": [], "missing_branches": []}, "FlowsResource.delete": {"executed_lines": [], "summary": {"covered_lines": 0, "num_statements": 2, "percent_covered": 0.0, "percent_covered_display": "0", "missing_lines": 2, "excluded_lines": 0, "num_branches": 0, "num_partial_branches": 0, "covered_branches": 0, "missing_branches": 0}, "missing_lines": [169, 170], "excluded_lines": [], "executed_branches": [], "missing_branches": []}, "FlowsResource.get_preview": {"executed_lines": [], "summary": {"covered_lines": 0, "num_statements": 1, "percent_covered": 0.0, "percent_covered_display": "0", "missing_lines": 1, "excluded_lines": 0, "num_branches": 0, "num_partial_branches": 0, "covered_branches": 0, "missing_branches": 0}, "missing_lines": [182], "excluded_lines": [], "executed_branches": [], "missing_branches": []}, "FlowsResource.deploy": {"executed_lines": [], "summary": {"covered_lines": 0, "num_statements": 31, "percent_covered": 0.0, "percent_covered_display": "0", "missing_lines": 31, "excluded_lines": 0, "num_branches": 12, "num_partial_branches": 0, "covered_branches": 0, "missing_branches": 12}, "missing_lines": [212, 215, 216, 218, 219, 220, 221, 224, 225, 226, 228, 229, 230, 233, 234, 236, 238, 245, 246, 247, 248, 249, 250, 251, 254, 255, 256, 257, 258, 259, 261], "excluded_lines": [], "executed_branches": [], "missing_branches": [[218, 219], [218, 224], [219, 218], [219, 220], [224, 225], [224, 228], [233, 234], [233, 236], [245, 246], [245, 254], [254, 255], [254, 261]]}, "": {"executed_lines": [1, 8, 10, 11, 12, 14, 16, 19, 22, 23, 34, 37, 61, 73, 98, 133, 146, 159, 172, 188], "summary": {"covered_lines": 17, "num_statements": 17, "percent_covered": 100.0, "percent_covered_display": "100", "missing_lines": 0, "excluded_lines": 2, "num_branches": 0, "num_partial_branches": 0, "covered_branches": 0, "missing_branches": 0}, "missing_lines": [], "excluded_lines": [16, 17], "executed_branches": [], "missing_branches": []}}, "classes": {"FlowsResource": {"executed_lines": [35], "summary": {"covered_lines": 1, "num_statements": 56, "percent_covered": 1.3513513513513513, "percent_covered_display": "1", "missing_lines": 55, "excluded_lines": 0, "num_branches": 18, "num_partial_branches": 0, "covered_branches": 0, "missing_branches": 18}, "missing_lines": [55, 56, 57, 59, 71, 91, 92, 93, 95, 96, 116, 118, 119, 122, 123, 125, 126, 143, 144, 156, 157, 169, 170, 182, 212, 215, 216, 218, 219, 220, 221, 224, 225, 226, 228, 229, 230, 233, 234, 236, 238, 245, 246, 247, 248, 249, 250, 251, 254, 255, 256, 257, 258, 259, 261], "excluded_lines": [], "executed_branches": [], "missing_branches": [[56, 57], [56, 59], [92, 93], [92, 95], [118, 119], [118, 122], [218, 219], [218, 224], [219, 218], [219, 220], [224, 225], [224, 228], [233, 234], [233, 236], [245, 246], [245, 254], [254, 255], [254, 261]]}, "": {"executed_lines": [1, 8, 10, 11, 12, 14, 16, 19, 22, 23, 34, 37, 61, 73, 98, 133, 146, 159, 172, 188], "summary": {"covered_lines": 17, "num_statements": 17, "percent_covered": 100.0, "percent_covered_display": "100", "missing_lines": 0, "excluded_lines": 2, "num_branches": 0, "num_partial_branches": 0, "covered_branches": 0, "missing_branches": 0}, "missing_lines": [], "excluded_lines": [16, 17], "executed_branches": [], "missing_branches": []}}}, "src/kapso_whatsapp/resources/media.py": {"executed_lines": [1, 7, 9, 10, 12, 13, 15, 18, 21, 22, 44, 45, 47, 93, 120, 143], "summary": {"covered_lines": 13, "num_statements": 38, "percent_covered": 28.26086956521739, "percent_covered_display": "28", "missing_lines": 25, "excluded_lines": 2, "num_branches": 8, "num_partial_branches": 0, "covered_branches": 0, "missing_branches": 8}, "missing_lines": [76, 79, 84, 85, 91, 113, 114, 115, 117, 118, 136, 137, 138, 140, 141, 170, 171, 175, 180, 182, 183, 185, 187, 188, 190], "excluded_lines": [15, 16], "executed_branches": [], "missing_branches": [[114, 115], [114, 117], [137, 138], [137, 140], [182, 183], [182, 185], [187, 188], [187, 190]], "functions": {"MediaResource.__init__": {"executed_lines": [45], "summary": {"covered_lines": 1, "num_statements": 1, "percent_covered": 100.0, "percent_covered_display": "100", "missing_lines": 0, "excluded_lines": 0, "num_branches": 0, "num_partial_branches": 0, "covered_branches": 0, "missing_branches": 0}, "missing_lines": [], "excluded_lines": [], "executed_branches": [], "missing_branches": []}, "MediaResource.upload": {"executed_lines": [], "summary": {"covered_lines": 0, "num_statements": 5, "percent_covered": 0.0, "percent_covered_display": "0", "missing_lines": 5, "excluded_lines": 0, "num_branches": 0, "num_partial_branches": 0, "covered_branches": 0, "missing_branches": 0}, "missing_lines": [76, 79, 84, 85, 91], "excluded_lines": [], "executed_branches": [], "missing_branches": []}, "MediaResource.get": {"executed_lines": [], "summary": {"covered_lines": 0, "num_statements": 5, "percent_covered": 0.0, "percent_covered_display": "0", "missing_lines": 5, "excluded_lines": 0, "num_branches": 2, "num_partial_branches": 0, "covered_branches": 0, "missing_branches": 2}, "missing_lines": [113, 114, 115, 117, 118], "excluded_lines": [], "executed_branches": [], "missing_branches": [[114, 115], [114, 117]]}, "MediaResource.delete": {"executed_lines": [], "summary": {"covered_lines": 0, "num_statements": 5, "percent_covered": 0.0, "percent_covered_display": "0", "missing_lines": 5, "excluded_lines": 0, "num_branches": 2, "num_partial_branches": 0, "covered_branches": 0, "missing_branches": 2}, "missing_lines": [136, 137, 138, 140, 141], "excluded_lines": [], "executed_branches": [], "missing_branches": [[137, 138], [137, 140]]}, "MediaResource.download": {"executed_lines": [], "summary": {"covered_lines": 0, "num_statements": 10, "percent_covered": 0.0, "percent_covered_display": "0", "missing_lines": 10, "excluded_lines": 0, "num_branches": 4, "num_partial_branches": 0, "covered_branches": 0, "missing_branches": 4}, "missing_lines": [170, 171, 175, 180, 182, 183, 185, 187, 188, 190], "excluded_lines": [], "executed_branches": [], "missing_branches": [[182, 183], [182, 185], [187, 188], [187, 190]]}, "": {"executed_lines": [1, 7, 9, 10, 12, 13, 15, 18, 21, 22, 44, 47, 93, 120, 143], "summary": {"covered_lines": 12, "num_statements": 12, "percent_covered": 100.0, "percent_covered_display": "100", "missing_lines": 0, "excluded_lines": 2, "num_branches": 0, "num_partial_branches": 0, "covered_branches": 0, "missing_branches": 0}, "missing_lines": [], "excluded_lines": [15, 16], "executed_branches": [], "missing_branches": []}}, "classes": {"MediaResource": {"executed_lines": [45], "summary": {"covered_lines": 1, "num_statements": 26, "percent_covered": 2.9411764705882355, "percent_covered_display": "3", "missing_lines": 25, "excluded_lines": 0, "num_branches": 8, "num_partial_branches": 0, "covered_branches": 0, "missing_branches": 8}, "missing_lines": [76, 79, 84, 85, 91, 113, 114, 115, 117, 118, 136, 137, 138, 140, 141, 170, 171, 175, 180, 182, 183, 185, 187, 188, 190], "excluded_lines": [], "executed_branches": [], "missing_branches": [[114, 115], [114, 117], [137, 138], [137, 140], [182, 183], [182, 185], [187, 188], [187, 190]]}, "": {"executed_lines": [1, 7, 9, 10, 12, 13, 15, 18, 21, 22, 44, 47, 93, 120, 143], "summary": {"covered_lines": 12, "num_statements": 12, "percent_covered": 100.0, "percent_covered_display": "100", "missing_lines": 0, "excluded_lines": 2, "num_branches": 0, "num_partial_branches": 0, "covered_branches": 0, "missing_branches": 0}, "missing_lines": [], "excluded_lines": [15, 16], "executed_branches": [], "missing_branches": []}}}, "src/kapso_whatsapp/resources/messages.py": {"executed_lines": [1, 10, 12, 13, 15, 27, 29, 32, 35, 36, 58, 59, 65, 138, 190, 223, 282, 315, 352, 408, 469, 517, 597, 690, 764, 854, 911, 984, 1065, 1141, 1216, 1262, 1332, 1386], "summary": {"covered_lines": 31, "num_statements": 300, "percent_covered": 6.540084388185654, "percent_covered_display": "7", "missing_lines": 269, "excluded_lines": 2, "num_branches": 174, "num_partial_branches": 0, "covered_branches": 0, "missing_branches": 174}, "missing_lines": [103, 110, 121, 122, 123, 125, 127, 128, 130, 131, 132, 167, 168, 170, 177, 178, 179, 181, 183, 184, 186, 187, 188, 200, 201, 203, 210, 211, 212, 214, 216, 217, 219, 220, 221, 259, 260, 262, 269, 270, 271, 273, 275, 276, 278, 279, 280, 292, 293, 295, 302, 303, 304, 306, 308, 309, 311, 312, 313, 325, 326, 328, 335, 336, 337, 339, 341, 342, 344, 345, 346, 381, 382, 384, 391, 392, 393, 395, 397, 398, 400, 401, 402, 440, 445, 452, 453, 454, 456, 458, 459, 461, 462, 463, 496, 506, 507, 509, 510, 511, 558, 569, 570, 571, 572, 574, 575, 577, 584, 585, 586, 588, 590, 591, 593, 594, 595, 642, 664, 665, 667, 668, 670, 677, 678, 679, 681, 683, 684, 686, 687, 688, 726, 738, 739, 741, 742, 744, 751, 752, 753, 755, 757, 758, 760, 761, 762, 804, 810, 811, 813, 814, 816, 817, 819, 828, 829, 831, 832, 834, 841, 842, 843, 845, 847, 848, 850, 851, 852, 885, 891, 898, 899, 900, 902, 904, 905, 907, 908, 909, 950, 958, 959, 961, 962, 964, 971, 972, 973, 975, 977, 978, 980, 981, 982, 1032, 1042, 1043, 1045, 1052, 1053, 1054, 1056, 1058, 1059, 1061, 1062, 1063, 1101, 1103, 1104, 1108, 1114, 1115, 1117, 1124, 1125, 1126, 1128, 1130, 1131, 1133, 1134, 1135, 1173, 1174, 1177, 1180, 1181, 1183, 1186, 1187, 1192, 1199, 1200, 1201, 1203, 1205, 1206, 1208, 1209, 1210, 1246, 1252, 1253, 1255, 1256, 1308, 1310, 1312, 1313, 1314, 1315, 1316, 1317, 1318, 1319, 1320, 1321, 1322, 1323, 1324, 1325, 1326, 1327, 1329, 1330, 1373, 1419], "excluded_lines": [29, 30], "executed_branches": [], "missing_branches": [[121, 122], [121, 127], [122, 123], [122, 125], [127, 128], [127, 130], [167, 168], [167, 170], [177, 178], [177, 183], [178, 179], [178, 181], [183, 184], [183, 186], [200, 201], [200, 203], [210, 211], [210, 216], [211, 212], [211, 214], [216, 217], [216, 219], [259, 260], [259, 262], [269, 270], [269, 275], [270, 271], [270, 273], [275, 276], [275, 278], [292, 293], [292, 295], [302, 303], [302, 308], [303, 304], [303, 306], [308, 309], [308, 311], [325, 326], [325, 328], [335, 336], [335, 341], [336, 337], [336, 339], [341, 342], [341, 344], [381, 382], [381, 384], [391, 392], [391, 397], [392, 393], [392, 395], [397, 398], [397, 400], [452, 453], [452, 458], [453, 454], [453, 456], [458, 459], [458, 461], [506, 507], [506, 509], [569, 570], [569, 571], [571, 572], [571, 574], [574, 575], [574, 577], [584, 585], [584, 590], [585, 586], [585, 588], [590, 591], [590, 593], [664, 665], [664, 667], [667, 668], [667, 670], [677, 678], [677, 683], [678, 679], [678, 681], [683, 684], [683, 686], [738, 739], [738, 741], [741, 742], [741, 744], [751, 752], [751, 757], [752, 753], [752, 755], [757, 758], [757, 760], [810, 811], [810, 813], [813, 814], [813, 816], [816, 817], [816, 819], [828, 829], [828, 831], [831, 832], [831, 834], [841, 842], [841, 847], [842, 843], [842, 845], [847, 848], [847, 850], [898, 899], [898, 904], [899, 900], [899, 902], [904, 905], [904, 907], [958, 959], [958, 961], [961, 962], [961, 964], [971, 972], [971, 977], [972, 973], [972, 975], [977, 978], [977, 980], [1042, 1043], [1042, 1045], [1052, 1053], [1052, 1058], [1053, 1054], [1053, 1056], [1058, 1059], [1058, 1061], [1103, 1104], [1103, 1108], [1114, 1115], [1114, 1117], [1124, 1125], [1124, 1130], [1125, 1126], [1125, 1128], [1130, 1131], [1130, 1133], [1173, 1174], [1173, 1177], [1180, 1181], [1180, 1183], [1186, 1187], [1186, 1192], [1199, 1200], [1199, 1205], [1200, 1201], [1200, 1203], [1205, 1206], [1205, 1208], [1252, 1253], [1252, 1255], [1312, 1313], [1312, 1314], [1314, 1315], [1314, 1316], [1316, 1317], [1316, 1318], [1318, 1319], [1318, 1320], [1320, 1321], [1320, 1322], [1322, 1323], [1322, 1324], [1324, 1325], [1324, 1326], [1326, 1327], [1326, 1329]], "functions": {"MessagesResource.__init__": {"executed_lines": [59], "summary": {"covered_lines": 1, "num_statements": 1, "percent_covered": 100.0, "percent_covered_display": "100", "missing_lines": 0, "excluded_lines": 0, "num_branches": 0, "num_partial_branches": 0, "covered_branches": 0, "missing_branches": 0}, "missing_lines": [], "excluded_lines": [], "executed_branches": [], "missing_branches": []}, "MessagesResource.send_text": {"executed_lines": [], "summary": {"covered_lines": 0, "num_statements": 11, "percent_covered": 0.0, "percent_covered_display": "0", "missing_lines": 11, "excluded_lines": 0, "num_branches": 6, "num_partial_branches": 0, "covered_branches": 0, "missing_branches": 6}, "missing_lines": [103, 110, 121, 122, 123, 125, 127, 128, 130, 131, 132], "excluded_lines": [], "executed_branches": [], "missing_branches": [[121, 122], [121, 127], [122, 123], [122, 125], [127, 128], [127, 130]]}, "MessagesResource.send_image": {"executed_lines": [], "summary": {"covered_lines": 0, "num_statements": 12, "percent_covered": 0.0, "percent_covered_display": "0", "missing_lines": 12, "excluded_lines": 0, "num_branches": 8, "num_partial_branches": 0, "covered_branches": 0, "missing_branches": 8}, "missing_lines": [167, 168, 170, 177, 178, 179, 181, 183, 184, 186, 187, 188], "excluded_lines": [], "executed_branches": [], "missing_branches": [[167, 168], [167, 170], [177, 178], [177, 183], [178, 179], [178, 181], [183, 184], [183, 186]]}, "MessagesResource.send_video": {"executed_lines": [], "summary": {"covered_lines": 0, "num_statements": 12, "percent_covered": 0.0, "percent_covered_display": "0", "missing_lines": 12, "excluded_lines": 0, "num_branches": 8, "num_partial_branches": 0, "covered_branches": 0, "missing_branches": 8}, "missing_lines": [200, 201, 203, 210, 211, 212, 214, 216, 217, 219, 220, 221], "excluded_lines": [], "executed_branches": [], "missing_branches": [[200, 201], [200, 203], [210, 211], [210, 216], [211, 212], [211, 214], [216, 217], [216, 219]]}, "MessagesResource.send_audio": {"executed_lines": [], "summary": {"covered_lines": 0, "num_statements": 12, "percent_covered": 0.0, "percent_covered_display": "0", "missing_lines": 12, "excluded_lines": 0, "num_branches": 8, "num_partial_branches": 0, "covered_branches": 0, "missing_branches": 8}, "missing_lines": [259, 260, 262, 269, 270, 271, 273, 275, 276, 278, 279, 280], "excluded_lines": [], "executed_branches": [], "missing_branches": [[259, 260], [259, 262], [269, 270], [269, 275], [270, 271], [270, 273], [275, 276], [275, 278]]}, "MessagesResource.send_document": {"executed_lines": [], "summary": {"covered_lines": 0, "num_statements": 12, "percent_covered": 0.0, "percent_covered_display": "0", "missing_lines": 12, "excluded_lines": 0, "num_branches": 8, "num_partial_branches": 0, "covered_branches": 0, "missing_branches": 8}, "missing_lines": [292, 293, 295, 302, 303, 304, 306, 308, 309, 311, 312, 313], "excluded_lines": [], "executed_branches": [], "missing_branches": [[292, 293], [292, 295], [302, 303], [302, 308], [303, 304], [303, 306], [308, 309], [308, 311]]}, "MessagesResource.send_sticker": {"executed_lines": [], "summary": {"covered_lines": 0, "num_statements": 12, "percent_covered": 0.0, "percent_covered_display": "0", "missing_lines": 12, "excluded_lines": 0, "num_branches": 8, "num_partial_branches": 0, "covered_branches": 0, "missing_branches": 8}, "missing_lines": [325, 326, 328, 335, 336, 337, 339, 341, 342, 344, 345, 346], "excluded_lines": [], "executed_branches": [], "missing_branches": [[325, 326], [325, 328], [335, 336], [335, 341], [336, 337], [336, 339], [341, 342], [341, 344]]}, "MessagesResource.send_location": {"executed_lines": [], "summary": {"covered_lines": 0, "num_statements": 12, "percent_covered": 0.0, "percent_covered_display": "0", "missing_lines": 12, "excluded_lines": 0, "num_branches": 8, "num_partial_branches": 0, "covered_branches": 0, "missing_branches": 8}, "missing_lines": [381, 382, 384, 391, 392, 393, 395, 397, 398, 400, 401, 402], "excluded_lines": [], "executed_branches": [], "missing_branches": [[381, 382], [381, 384], [391, 392], [391, 397], [392, 393], [392, 395], [397, 398], [397, 400]]}, "MessagesResource.send_contacts": {"executed_lines": [], "summary": {"covered_lines": 0, "num_statements": 11, "percent_covered": 0.0, "percent_covered_display": "0", "missing_lines": 11, "excluded_lines": 0, "num_branches": 6, "num_partial_branches": 0, "covered_branches": 0, "missing_branches": 6}, "missing_lines": [440, 445, 452, 453, 454, 456, 458, 459, 461, 462, 463], "excluded_lines": [], "executed_branches": [], "missing_branches": [[452, 453], [452, 458], [453, 454], [453, 456], [458, 459], [458, 461]]}, "MessagesResource.send_reaction": {"executed_lines": [], "summary": {"covered_lines": 0, "num_statements": 6, "percent_covered": 0.0, "percent_covered_display": "0", "missing_lines": 6, "excluded_lines": 0, "num_branches": 2, "num_partial_branches": 0, "covered_branches": 0, "missing_branches": 2}, "missing_lines": [496, 506, 507, 509, 510, 511], "excluded_lines": [], "executed_branches": [], "missing_branches": [[506, 507], [506, 509]]}, "MessagesResource.send_interactive_buttons": {"executed_lines": [], "summary": {"covered_lines": 0, "num_statements": 17, "percent_covered": 0.0, "percent_covered_display": "0", "missing_lines": 17, "excluded_lines": 0, "num_branches": 12, "num_partial_branches": 0, "covered_branches": 0, "missing_branches": 12}, "missing_lines": [558, 569, 570, 571, 572, 574, 575, 577, 584, 585, 586, 588, 590, 591, 593, 594, 595], "excluded_lines": [], "executed_branches": [], "missing_branches": [[569, 570], [569, 571], [571, 572], [571, 574], [574, 575], [574, 577], [584, 585], [584, 590], [585, 586], [585, 588], [590, 591], [590, 593]]}, "MessagesResource.send_interactive_list": {"executed_lines": [], "summary": {"covered_lines": 0, "num_statements": 15, "percent_covered": 0.0, "percent_covered_display": "0", "missing_lines": 15, "excluded_lines": 0, "num_branches": 10, "num_partial_branches": 0, "covered_branches": 0, "missing_branches": 10}, "missing_lines": [642, 664, 665, 667, 668, 670, 677, 678, 679, 681, 683, 684, 686, 687, 688], "excluded_lines": [], "executed_branches": [], "missing_branches": [[664, 665], [664, 667], [667, 668], [667, 670], [677, 678], [677, 683], [678, 679], [678, 681], [683, 684], [683, 686]]}, "MessagesResource.send_interactive_cta_url": {"executed_lines": [], "summary": {"covered_lines": 0, "num_statements": 15, "percent_covered": 0.0, "percent_covered_display": "0", "missing_lines": 15, "excluded_lines": 0, "num_branches": 10, "num_partial_branches": 0, "covered_branches": 0, "missing_branches": 10}, "missing_lines": [726, 738, 739, 741, 742, 744, 751, 752, 753, 755, 757, 758, 760, 761, 762], "excluded_lines": [], "executed_branches": [], "missing_branches": [[738, 739], [738, 741], [741, 742], [741, 744], [751, 752], [751, 757], [752, 753], [752, 755], [757, 758], [757, 760]]}, "MessagesResource.send_interactive_flow": {"executed_lines": [], "summary": {"covered_lines": 0, "num_statements": 22, "percent_covered": 0.0, "percent_covered_display": "0", "missing_lines": 22, "excluded_lines": 0, "num_branches": 16, "num_partial_branches": 0, "covered_branches
[...]
ed_display": "100", "missing_lines": 0, "excluded_lines": 0, "num_branches": 0, "num_partial_branches": 0, "covered_branches": 0, "missing_branches": 0}, "missing_lines": [], "excluded_lines": [], "executed_branches": [], "missing_branches": []}, "ConversationKapso": {"executed_lines": [], "summary": {"covered_lines": 0, "num_statements": 0, "percent_covered": 100.0, "percent_covered_display": "100", "missing_lines": 0, "excluded_lines": 0, "num_branches": 0, "num_partial_branches": 0, "covered_branches": 0, "missing_branches": 0}, "missing_lines": [], "excluded_lines": [], "executed_branches": [], "missing_branches": []}, "Conversation": {"executed_lines": [], "summary": {"covered_lines": 0, "num_statements": 0, "percent_covered": 100.0, "percent_covered_display": "100", "missing_lines": 0, "excluded_lines": 0, "num_branches": 0, "num_partial_branches": 0, "covered_branches": 0, "missing_branches": 0}, "missing_lines": [], "excluded_lines": [], "executed_branches": [], "missing_branches": []}, "KapsoContact": {"executed_lines": [], "summary": {"covered_lines": 0, "num_statements": 0, "percent_covered": 100.0, "percent_covered_display": "100", "missing_lines": 0, "excluded_lines": 0, "num_branches": 0, "num_partial_branches": 0, "covered_branches": 0, "missing_branches": 0}, "missing_lines": [], "excluded_lines": [], "executed_branches": [], "missing_branches": []}, "Call": {"executed_lines": [], "summary": {"covered_lines": 0, "num_statements": 0, "percent_covered": 100.0, "percent_covered_display": "100", "missing_lines": 0, "excluded_lines": 0, "num_branches": 0, "num_partial_branches": 0, "covered_branches": 0, "missing_branches": 0}, "missing_lines": [], "excluded_lines": [], "executed_branches": [], "missing_branches": []}, "": {"executed_lines": [1, 10, 12, 13, 14, 16, 23, 24, 26, 28, 29, 30, 34, 35, 36, 37, 39, 40, 41, 52, 53, 55, 56, 57, 58, 59, 60, 61, 62, 63, 64, 65, 66, 67, 68, 71, 72, 74, 75, 78, 79, 81, 82, 83, 84, 85, 88, 89, 91, 92, 93, 94, 102, 103, 105, 107, 108, 109, 110, 113, 114, 116, 117, 118, 119, 120, 122, 123, 124, 130, 131, 133, 134, 135, 138, 139, 141, 142, 143, 146, 147, 149, 150, 151, 154, 155, 157, 158, 159, 162, 163, 165, 166, 167, 170, 171, 173, 174, 175, 176, 179, 180, 182, 183, 184, 187, 188, 190, 191, 194, 195, 197, 198, 199, 202, 203, 205, 213, 214, 216, 218, 219, 220, 223, 224, 226, 227, 230, 231, 233, 235, 236, 237, 238, 239, 240, 243, 244, 246, 248, 249, 250, 251, 252, 253, 254, 257, 258, 260, 261, 262, 265, 266, 268, 269, 272, 273, 275, 277, 278, 279, 280, 281, 282, 283, 286, 287, 289, 290, 291, 299, 300, 302, 303, 306, 307, 309, 310, 311, 312, 313, 316, 317, 319, 321, 322, 323, 324, 325, 326, 327, 330, 331, 333, 334, 335, 338, 339, 341, 342, 345, 346, 348, 350, 351, 352, 353, 354, 355, 356, 359, 360, 362, 364, 365, 368, 369, 371, 373, 374, 375, 376, 377, 378, 381, 382, 384, 385, 388, 389, 391, 393, 394, 395, 396, 397, 398, 401, 402, 404, 406, 407, 408, 409, 410, 411, 419, 420, 422, 423, 426, 427, 429, 431, 432, 433, 434, 435, 436, 437, 438, 439, 440, 443, 444, 446, 448, 449, 450, 453, 456, 457, 459, 460, 461, 464, 465, 467, 468, 469, 477, 478, 480, 482, 483, 486, 487, 489, 491, 492, 495, 496, 498, 500, 501, 502, 504, 505, 510, 511, 513, 516, 517, 519, 521, 522, 523, 524, 525, 526, 534, 535, 537, 539, 542, 543, 545, 547, 548, 549, 550, 551, 554, 555, 557, 558, 559, 560, 563, 564, 566, 567, 570, 571, 573, 575, 576, 577, 578, 581, 582, 584, 585, 588, 589, 591, 593, 594, 595, 596, 599, 600, 601, 602, 603, 604, 605, 606, 607, 608, 611, 614, 615, 618, 619, 621, 623, 624, 625, 628, 629, 631, 633, 634, 635, 638, 639, 641, 643, 644, 645, 646, 649, 650, 652, 654, 655, 656, 657, 658, 659, 660, 663, 664, 666, 667, 668, 669, 670, 678, 679, 681, 683, 684, 685, 686, 689, 690, 692, 694, 695, 696, 697, 698, 699, 700, 701, 702, 703, 704, 705, 706, 707, 708, 711, 712, 714, 716, 717, 718, 721, 722, 724, 725, 728, 729, 731, 732, 733, 736, 737, 739, 741, 742, 743, 746, 747, 749, 751, 752, 753, 754, 757, 758, 760, 762, 763, 764, 767, 768, 775, 777, 778, 779, 782, 783, 786, 789, 790, 791, 792, 793, 794, 795, 796, 797, 798, 799, 800, 803, 806, 807, 809, 810, 813, 814, 816, 817, 818, 821, 822, 824, 825, 828, 831, 832, 834, 835, 838, 839, 841, 843, 844, 845, 846, 847, 848, 849, 850, 853, 854, 856, 858, 859, 860, 861, 862, 863, 864, 865, 866, 867, 870, 871, 873, 875, 876, 877, 878, 879, 880, 881, 882, 885, 886, 888, 890, 891, 892, 893, 894, 895, 896, 897], "summary": {"covered_lines": 468, "num_statements": 468, "percent_covered": 100.0, "percent_covered_display": "100", "missing_lines": 0, "excluded_lines": 0, "num_branches": 0, "num_partial_branches": 0, "covered_branches": 0, "missing_branches": 0}, "missing_lines": [], "excluded_lines": [], "executed_branches": [], "missing_branches": []}}}, "src/kapso_whatsapp/webhooks/__init__.py": {"executed_lines": [1, 9, 15, 17], "summary": {"covered_lines": 3, "num_statements": 3, "percent_covered": 100.0, "percent_covered_display": "100", "missing_lines": 0, "excluded_lines": 0, "num_branches": 0, "num_partial_branches": 0, "covered_branches": 0, "missing_branches": 0}, "missing_lines": [], "excluded_lines": [], "executed_branches": [], "missing_branches": [], "functions": {"": {"executed_lines": [1, 9, 15, 17], "summary": {"covered_lines": 3, "num_statements": 3, "percent_covered": 100.0, "percent_covered_display": "100", "missing_lines": 0, "excluded_lines": 0, "num_branches": 0, "num_partial_branches": 0, "covered_branches": 0, "missing_branches": 0}, "missing_lines": [], "excluded_lines": [], "executed_branches": [], "missing_branches": []}}, "classes": {"": {"executed_lines": [1, 9, 15, 17], "summary": {"covered_lines": 3, "num_statements": 3, "percent_covered": 100.0, "percent_covered_display": "100", "missing_lines": 0, "excluded_lines": 0, "num_branches": 0, "num_partial_branches": 0, "covered_branches": 0, "missing_branches": 0}, "missing_lines": [], "excluded_lines": [], "executed_branches": [], "missing_branches": []}}}, "src/kapso_whatsapp/webhooks/normalize.py": {"executed_lines": [1, 8, 10, 11, 12, 13, 16, 17, 18, 20, 21, 22, 23, 24, 25, 26, 27, 30, 31, 32, 34, 35, 36, 37, 38, 39, 40, 41, 42, 43, 46, 47, 48, 55, 56, 57, 58, 59, 60, 61, 62, 65, 86, 88, 89, 92, 93, 94, 98, 102, 103, 106, 107, 110, 111, 114, 115, 118, 119, 122, 123, 124, 127, 130, 131, 132, 133, 134, 137, 138, 139, 140, 141, 142, 145, 146, 147, 152, 153, 154, 155, 156, 157, 158, 159, 161, 162, 169, 170, 171, 172, 173, 174, 201, 202, 203, 241, 244, 246, 249, 252, 253, 259, 260, 277, 279, 282, 285, 289, 291, 292, 293, 295, 296, 299, 300, 301, 302, 303, 306, 308, 309, 311, 313, 315, 316, 318, 319, 320, 321, 322, 326, 328, 329, 330, 333, 335, 337, 341, 344, 346, 347, 349, 350, 352, 353, 354, 357, 359, 360, 361, 362, 363], "summary": {"covered_lines": 149, "num_statements": 190, "percent_covered": 71.14093959731544, "percent_covered_display": "71", "missing_lines": 41, "excluded_lines": 0, "num_branches": 108, "num_partial_branches": 31, "covered_branches": 63, "missing_branches": 45}, "missing_lines": [95, 96, 99, 108, 112, 116, 120, 148, 149, 163, 164, 165, 166, 204, 205, 207, 210, 254, 255, 256, 261, 262, 263, 264, 265, 266, 267, 268, 269, 270, 271, 272, 273, 274, 278, 280, 297, 304, 314, 323, 336], "excluded_lines": [], "executed_branches": [[88, 89], [88, 92], [92, 93], [92, 98], [98, 102], [102, 103], [102, 106], [107, 110], [110, 111], [110, 241], [111, 114], [115, 118], [118, 110], [118, 119], [119, 122], [123, 124], [123, 127], [131, 132], [132, 133], [138, 139], [139, 140], [139, 141], [141, 142], [141, 145], [146, 147], [147, 152], [154, 155], [155, 156], [155, 161], [156, 157], [161, 162], [162, 169], [170, 171], [171, 172], [171, 201], [172, 173], [202, 203], [203, 118], [253, 259], [260, 277], [277, 279], [279, 282], [296, 299], [299, 300], [301, 302], [301, 303], [303, 306], [313, 315], [315, 316], [318, 319], [320, 321], [322, -285], [328, 329], [328, 330], [335, 337], [346, 347], [346, 349], [349, 350], [349, 352], [359, 360], [359, 361], [361, 362], [361, 363]], "missing_branches": [[98, 99], [107, 108], [111, 112], [115, 116], [119, 120], [131, 137], [132, 134], [138, 145], [146, 152], [147, 148], [148, 147], [148, 149], [154, 161], [156, 155], [161, 169], [162, 163], [163, 162], [163, 164], [170, 201], [172, 171], [202, 118], [203, 204], [204, 203], [204, 205], [253, 254], [260, 261], [262, 263], [262, 277], [264, 265], [264, 277], [269, 270], [269, 271], [271, 272], [271, 277], [277, 278], [279, 280], [296, 297], [299, 301], [303, 304], [313, 314], [315, 318], [318, -285], [320, 322], [322, 323], [335, 336]], "functions": {"normalize_webhook": {"executed_lines": [86, 88, 89, 92, 93, 94, 98, 102, 103, 106, 107, 110, 111, 114, 115, 118, 119, 122, 123, 124, 127, 130, 131, 132, 133, 134, 137, 138, 139, 140, 141, 142, 145, 146, 147, 152, 153, 154, 155, 156, 157, 158, 159, 161, 162, 169, 170, 171, 172, 173, 174, 201, 202, 203, 241], "summary": {"covered_lines": 55, "num_statements": 72, "percent_covered": 69.40298507462687, "percent_covered_display": "69", "missing_lines": 17, "excluded_lines": 0, "num_branches": 62, "num_partial_branches": 18, "covered_branches": 38, "missing_branches": 24}, "missing_lines": [95, 96, 99, 108, 112, 116, 120, 148, 149, 163, 164, 165, 166, 204, 205, 207, 210], "excluded_lines": [], "executed_branches": [[88, 89], [88, 92], [92, 93], [92, 98], [98, 102], [102, 103], [102, 106], [107, 110], [110, 111], [110, 241], [111, 114], [115, 118], [118, 110], [118, 119], [119, 122], [123, 124], [123, 127], [131, 132], [132, 133], [138, 139], [139, 140], [139, 141], [141, 142], [141, 145], [146, 147], [147, 152], [154, 155], [155, 156], [155, 161], [156, 157], [161, 162], [162, 169], [170, 171], [171, 172], [171, 201], [172, 173], [202, 203], [203, 118]], "missing_branches": [[98, 99], [107, 108], [111, 112], [115, 116], [119, 120], [131, 137], [132, 134], [138, 145], [146, 152], [147, 148], [148, 147], [148, 149], [154, 161], [156, 155], [161, 169], [162, 163], [163, 162], [163, 164], [170, 201], [172, 171], [202, 118], [203, 204], [204, 203], [204, 205]]}, "_normalize_message": {"executed_lines": [246, 249, 252, 253, 259, 260, 277, 279, 282], "summary": {"covered_lines": 9, "num_statements": 28, "percent_covered": 29.545454545454547, "percent_covered_display": "30", "missing_lines": 19, "excluded_lines": 0, "num_branches": 16, "num_partial_branches": 4, "covered_branches": 4, "missing_branches": 12}, "missing_lines": [254, 255, 256, 261, 262, 263, 264, 265, 266, 267, 268, 269, 270, 271, 272, 273, 274, 278, 280], "excluded_lines": [], "executed_branches": [[253, 259], [260, 277], [277, 279], [279, 282]], "missing_branches": [[253, 254], [260, 261], [262, 263], [262, 277], [264, 265], [264, 277], [269, 270], [269, 271], [271, 272], [271, 277], [277, 278], [279, 280]]}, "_apply_direction": {"executed_lines": [289, 291, 292, 293, 295, 296, 299, 300, 301, 302, 303, 306, 308, 309, 311, 313, 315, 316, 318, 319, 320, 321, 322], "summary": {"covered_lines": 23, "num_statements": 27, "percent_covered": 73.33333333333333, "percent_covered_display": "73", "missing_lines": 4, "excluded_lines": 0, "num_branches": 18, "num_partial_branches": 8, "covered_branches": 10, "missing_branches": 8}, "missing_lines": [297, 304, 314, 323], "excluded_lines": [], "executed_branches": [[296, 299], [299, 300], [301, 302], [301, 303], [303, 306], [313, 315], [315, 316], [318, 319], [320, 321], [322, -285]], "missing_branches": [[296, 297], [299, 301], [303, 304], [313, 314], [315, 318], [318, -285], [320, 322], [322, 323]]}, "_normalize_number": {"executed_lines": [328, 329, 330], "summary": {"covered_lines": 3, "num_statements": 3, "percent_covered": 100.0, "percent_covered_display": "100", "missing_lines": 0, "excluded_lines": 0, "num_branches": 2, "num_partial_branches": 0, "covered_branches": 2, "missing_branches": 0}, "missing_lines": [], "excluded_lines": [], "executed_branches": [[328, 329], [328, 330]], "missing_branches": []}, "_to_camel_field": {"executed_lines": [335, 337], "summary": {"covered_lines": 2, "num_statements": 3, "percent_covered": 60.0, "percent_covered_display": "60", "missing_lines": 1, "excluded_lines": 0, "num_branches": 2, "num_partial_branches": 1, "covered_branches": 1, "missing_branches": 1}, "missing_lines": [336], "excluded_lines": [], "executed_branches": [[335, 337]], "missing_branches": [[335, 336]]}, "_to_camel_case_key": {"executed_lines": [346, 347, 349, 350, 352, 353, 354], "summary": {"covered_lines": 7, "num_statements": 7, "percent_covered": 100.0, "percent_covered_display": "100", "missing_lines": 0, "excluded_lines": 0, "num_branches": 4, "num_partial_branches": 0, "covered_branches": 4, "missing_branches": 0}, "missing_lines": [], "excluded_lines": [], "executed_branches": [[346, 347], [346, 349], [349, 350], [349, 352]], "missing_branches": []}, "_to_camel_case_deep": {"executed_lines": [359, 360, 361, 362, 363], "summary": {"covered_lines": 5, "num_statements": 5, "percent_covered": 100.0, "percent_covered_display": "100", "missing_lines": 0, "excluded_lines": 0, "num_branches": 4, "num_partial_branches": 0, "covered_branches": 4, "missing_branches": 0}, "missing_lines": [], "excluded_lines": [], "executed_branches": [[359, 360], [359, 361], [361, 362], [361, 363]], "missing_branches": []}, "": {"executed_lines": [1, 8, 10, 11, 12, 13, 16, 17, 18, 20, 21, 22, 23, 24, 25, 26, 27, 30, 31, 32, 34, 35, 36, 37, 38, 39, 40, 41, 42, 43, 46, 47, 48, 55, 56, 57, 58, 59, 60, 61, 62, 65, 244, 285, 326, 333, 341, 344, 357], "summary": {"covered_lines": 45, "num_statements": 45, "percent_covered": 100.0, "percent_covered_display": "100", "missing_lines": 0, "excluded_lines": 0, "num_branches": 0, "num_partial_branches": 0, "covered_branches": 0, "missing_branches": 0}, "missing_lines": [], "excluded_lines": [], "executed_branches": [], "missing_branches": []}}, "classes": {"MessageStatusUpdate": {"executed_lines": [], "summary": {"covered_lines": 0, "num_statements": 0, "percent_covered": 100.0, "percent_covered_display": "100", "missing_lines": 0, "excluded_lines": 0, "num_branches": 0, "num_partial_branches": 0, "covered_branches": 0, "missing_branches": 0}, "missing_lines": [], "excluded_lines": [], "executed_branches": [], "missing_branches": []}, "NormalizedCallEvent": {"executed_lines": [], "summary": {"covered_lines": 0, "num_statements": 0, "percent_covered": 100.0, "percent_covered_display": "100", "missing_lines": 0, "excluded_lines": 0, "num_branches": 0, "num_partial_branches": 0, "covered_branches": 0, "missing_branches": 0}, "missing_lines": [], "excluded_lines": [], "executed_branches": [], "missing_branches": []}, "NormalizedWebhookResult": {"executed_lines": [], "summary": {"covered_lines": 0, "num_statements": 0, "percent_covered": 100.0, "percent_covered_display": "100", "missing_lines": 0, "excluded_lines": 0, "num_branches": 0, "num_partial_branches": 0, "covered_branches": 0, "missing_branches": 0}, "missing_lines": [], "excluded_lines": [], "executed_branches": [], "missing_branches": []}, "": {"executed_lines": [1, 8, 10, 11, 12, 13, 16, 17, 18, 20, 21, 22, 23, 24, 25, 26, 27, 30, 31, 32, 34, 35, 36, 37, 38, 39, 40, 41, 42, 43, 46, 47, 48, 55, 56, 57, 58, 59, 60, 61, 62, 65, 86, 88, 89, 92, 93, 94, 98, 102, 103, 106, 107, 110, 111, 114, 115, 118, 119, 122, 123, 124, 127, 130, 131, 132, 133, 134, 137, 138, 139, 140, 141, 142, 145, 146, 147, 152, 153, 154, 155, 156, 157, 158, 159, 161, 162, 169, 170, 171, 172, 173, 174, 201, 202, 203, 241, 244, 246, 249, 252, 253, 259, 260, 277, 279, 282, 285, 289, 291, 292, 293, 295, 296, 299, 300, 301, 302, 303, 306, 308, 309, 311, 313, 315, 316, 318, 319, 320, 321, 322, 326, 328, 329, 330, 333, 335, 337, 341, 344, 346, 347, 349, 350, 352, 353, 354, 357, 359, 360, 361, 362, 363], "summary": {"covered_lines": 149, "num_statements": 190, "percent_covered": 71.14093959731544, "percent_covered_display": "71", "missing_lines": 41, "excluded_lines": 0, "num_branches": 108, "num_partial_branches": 31, "covered_branches": 63, "missing_branches": 45}, "missing_lines": [95, 96, 99, 108, 112, 116, 120, 148, 149, 163, 164, 165, 166, 204, 205, 207, 210, 254, 255, 256, 261, 262, 263, 264, 265, 266, 267, 268, 269, 270, 271, 272, 273, 274, 278, 280, 297, 304, 314, 323, 336], "excluded_lines": [], "executed_branches": [[88, 89], [88, 92], [92, 93], [92, 98], [98, 102], [102, 103], [102, 106], [107, 110], [110, 111], [110, 241], [111, 114], [115, 118], [118, 110], [118, 119], [119, 122], [123, 124], [123, 127], [131, 132], [132, 133], [138, 139], [139, 140], [139, 141], [141, 142], [141, 145], [146, 147], [147, 152], [154, 155], [155, 156], [155, 161], [156, 157], [161, 162], [162, 169], [170, 171], [171, 172], [171, 201], [172, 173], [202, 203], [203, 118], [253, 259], [260, 277], [277, 279], [279, 282], [296, 299], [299, 300], [301, 302], [301, 303], [303, 306], [313, 315], [315, 316], [318, 319], [320, 321], [322, -285], [328, 329], [328, 330], [335, 337], [346, 347], [346, 349], [349, 350], [349, 352], [359, 360], [359, 361], [361, 362], [361, 363]], "missing_branches": [[98, 99], [107, 108], [111, 112], [115, 116], [119, 120], [131, 137], [132, 134], [138, 145], [146, 152], [147, 148], [148, 147], [148, 149], [154, 161], [156, 155], [161, 169], [162, 163], [163, 162], [163, 164], [170, 201], [172, 171], [202, 118], [203, 204], [204, 203], [204, 205], [253, 254], [260, 261], [262, 263], [262, 277], [264, 265], [264, 277], [269, 270], [269, 271], [271, 272], [271, 277], [277, 278], [279, 280], [296, 297], [299, 301], [303, 304], [313, 314], [315, 318], [318, -285], [320, 322], [322, 323], [335, 336]]}}}, "src/kapso_whatsapp/webhooks/verify.py": {"executed_lines": [1, 7, 9, 10, 13, 45, 47, 48, 51, 52, 53, 55, 56, 57, 60, 63, 70, 71, 73, 76], "summary": {"covered_lines": 19, "num_statements": 22, "percent_covered": 86.66666666666667, "percent_covered_display": "87", "missing_lines": 3, "excluded_lines": 0, "num_branches": 8, "num_partial_branches": 1, "covered_branches": 7, "missing_branches": 1}, "missing_lines": [74, 78, 79], "excluded_lines": [], "executed_branches": [[47, 48], [47, 51], [52, 53], [52, 55], [56, 57], [56, 60], [73, 76]], "missing_branches": [[73, 74]], "functions": {"verify_signature": {"executed_lines": [45, 47, 48, 51, 52, 53, 55, 56, 57, 60, 63, 70, 71, 73, 76], "summary": {"covered_lines": 15, "num_statements": 18, "percent_covered": 84.61538461538461, "percent_covered_display": "85", "missing_lines": 3, "excluded_lines": 0, "num_branches": 8, "num_partial_branches": 1, "covered_branches": 7, "missing_branches": 1}, "missing_lines": [74, 78, 79], "excluded_lines": [], "executed_branches": [[47, 48], [47, 51], [52, 53], [52, 55], [56, 57], [56, 60], [73, 76]], "missing_branches": [[73, 74]]}, "": {"executed_lines": [1, 7, 9, 10, 13], "summary": {"covered_lines": 4, "num_statements": 4, "percent_covered": 100.0, "percent_covered_display": "100", "missing_lines": 0, "excluded_lines": 0, "num_branches": 0, "num_partial_branches": 0, "covered_branches": 0, "missing_branches": 0}, "missing_lines": [], "excluded_lines": [], "executed_branches": [], "missing_branches": []}}, "classes": {"": {"executed_lines": [1, 7, 9, 10, 13, 45, 47, 48, 51, 52, 53, 55, 56, 57, 60, 63, 70, 71, 73, 76], "summary": {"covered_lines": 19, "num_statements": 22, "percent_covered": 86.66666666666667, "percent_covered_display": "87", "missing_lines": 3, "excluded_lines": 0, "num_branches": 8, "num_partial_branches": 1, "covered_branches": 7, "missing_branches": 1}, "missing_lines": [74, 78, 79], "excluded_lines": [], "executed_branches": [[47, 48], [47, 51], [52, 53], [52, 55], [56, 57], [56, 60], [73, 76]], "missing_branches": [[73, 74]]}}}}, "totals": {"covered_lines": 970, "num_statements": 1849, "percent_covered": 44.64960134284515, "percent_covered_display": "45", "missing_lines": 879, "excluded_lines": 27, "num_branches": 534, "num_partial_branches": 34, "covered_branches": 94, "missing_branches": 440}}